[0512/174507.202:ERROR:process_info.cc(359)] UncheckedAllocate
[0512/174507.233:ERROR:process_info.cc(359)] UncheckedAllocate
[0512/222147.713:ERROR:process_info.cc(359)] UncheckedAllocate
[0512/222147.713:ERROR:process_info.cc(359)] UncheckedAllocate
[0513/162704.458:ERROR:process_info.cc(359)] UncheckedAllocate
[0513/162816.429:ERROR:process_info.cc(359)] UncheckedAllocate
[0513/162948.041:ERROR:process_info.cc(359)] UncheckedAllocate
[0513/162948.240:ERROR:process_memory_win.cc(73)] ReadMemory at 0x2858ab43690 of 72 bytes failed: Only part of a ReadProcessMemory or WriteProcessMemory request was completed. (0x12B)
[0513/162948.283:WARNING:pe_image_annotations_reader.cc(134)] could not read annotations list object in C:\Program Files (x86)\Google\Chrome\Application\81.0.4044.138\chrome_elf.dll
[0513/162948.285:ERROR:process_memory_win.cc(73)] ReadMemory at 0x7ff8427b0000 of 64 bytes failed: Only part of a ReadProcessMemory or WriteProcessMemory request was completed. (0x12B)
[0513/162948.285:WARNING:pe_image_reader.cc(340)] could not read dos header from C:\WINDOWS\SYSTEM32\VERSION.dll
[0513/162948.285:ERROR:process_memory_win.cc(73)] ReadMemory at 0x7ff8427b0000 of 64 bytes failed: Only part of a ReadProcessMemory or WriteProcessMemory request was completed. (0x12B)
[0513/162948.285:WARNING:pe_image_reader.cc(340)] could not read dos header from C:\WINDOWS\SYSTEM32\VERSION.dll
[0513/162948.285:ERROR:process_memory_win.cc(73)] ReadMemory at 0x7ff8485e0000 of 64 bytes failed: Only part of a ReadProcessMemory or WriteProcessMemory request was completed. (0x12B)
[0513/162948.286:WARNING:pe_image_reader.cc(340)] could not read dos header from C:\WINDOWS\System32\msvcrt.dll
[0513/162948.286:ERROR:process_memory_win.cc(73)] ReadMemory at 0x7ff8485e0000 of 64 bytes failed: Only part of a ReadProcessMemory or WriteProcessMemory request was completed. (0x12B)
[0513/162948.286:WARNING:pe_image_reader.cc(340)] could not read dos header from C:\WINDOWS\System32\msvcrt.dll
[0513/162948.286:ERROR:process_memory_win.cc(73)] ReadMemory at 0x7ff847c30000 of 64 bytes failed: Only part of a ReadProcessMemory or WriteProcessMemory request was completed. (0x12B)
[0513/162948.286:WARNING:pe_image_reader.cc(340)] could not read dos header from C:\WINDOWS\System32\bcryptPrimitives.dll
[0513/162948.286:ERROR:process_memory_win.cc(73)] ReadMemory at 0x7ff847c30000 of 64 bytes failed: Only part of a ReadProcessMemory or WriteProcessMemory request was completed. (0x12B)
[0513/162948.286:WARNING:pe_image_reader.cc(340)] could not read dos header from C:\WINDOWS\System32\bcryptPrimitives.dll
[0513/162948.286:ERROR:process_memory_win.cc(73)] ReadMemory at 0x7ff849030000 of 64 bytes failed: Only part of a ReadProcessMemory or WriteProcessMemory request was completed. (0x12B)
[0513/162948.286:WARNING:pe_image_reader.cc(340)] could not read dos header from C:\WINDOWS\System32\ADVAPI32.dll
[0513/162948.286:ERROR:process_memory_win.cc(73)] ReadMemory at 0x7ff849030000 of 64 bytes failed: Only part of a ReadProcessMemory or WriteProcessMemory request was completed. (0x12B)
[0513/162948.286:WARNING:pe_image_reader.cc(340)] could not read dos header from C:\WINDOWS\System32\ADVAPI32.dll
[0513/162948.286:ERROR:process_memory_win.cc(73)] ReadMemory at 0x7ff84a050000 of 64 bytes failed: Only part of a ReadProcessMemory or WriteProcessMemory request was completed. (0x12B)
[0513/162948.286:WARNING:pe_image_reader.cc(340)] could not read dos header from C:\WINDOWS\System32\sechost.dll
[0513/162948.286:ERROR:process_memory_win.cc(73)] ReadMemory at 0x7ff84a050000 of 64 bytes failed: Only part of a ReadProcessMemory or WriteProcessMemory request was completed. (0x12B)
[0513/162948.286:WARNING:pe_image_reader.cc(340)] could not read dos header from C:\WINDOWS\System32\sechost.dll
[0513/162948.286:ERROR:process_memory_win.cc(73)] ReadMemory at 0x7ff84a160000 of 64 bytes failed: Only part of a ReadProcessMemory or WriteProcessMemory request was completed. (0x12B)
[0513/162948.286:WARNING:pe_image_reader.cc(340)] could not read dos header from C:\WINDOWS\System32\RPCRT4.dll
[0513/162948.286:ERROR:process_memory_win.cc(73)] ReadMemory at 0x7ff84a160000 of 64 bytes failed: Only part of a ReadProcessMemory or WriteProcessMemory request was completed. (0x12B)
[0513/162948.287:WARNING:pe_image_reader.cc(340)] could not read dos header from C:\WINDOWS\System32\RPCRT4.dll
[0513/162948.287:ERROR:process_memory_win.cc(73)] ReadMemory at 0x7ffff8350000 of 64 bytes failed: Only part of a ReadProcessMemory or WriteProcessMemory request was completed. (0x12B)
[0513/162948.287:WARNING:pe_image_reader.cc(340)] could not read dos header from C:\Program Files (x86)\Google\Chrome\Application\81.0.4044.138\chrome.dll
[0513/162948.287:ERROR:process_memory_win.cc(73)] ReadMemory at 0x7ffff8350000 of 64 bytes failed: Only part of a ReadProcessMemory or WriteProcessMemory request was completed. (0x12B)
[0513/162948.287:WARNING:pe_image_reader.cc(340)] could not read dos header from C:\Program Files (x86)\Google\Chrome\Application\81.0.4044.138\chrome.dll
[0513/162948.287:ERROR:process_memory_win.cc(73)] ReadMemory at 0x7ff849420000 of 64 bytes failed: Only part of a ReadProcessMemory or WriteProcessMemory request was completed. (0x12B)
[0513/162948.287:WARNING:pe_image_reader.cc(340)] could not read dos header from C:\WINDOWS\System32\WS2_32.dll
[0513/162948.287:ERROR:process_memory_win.cc(73)] ReadMemory at 0x7ff849420000 of 64 bytes failed: Only part of a ReadProcessMemory or WriteProcessMemory request was completed. (0x12B)
[0513/162948.287:WARNING:pe_image_reader.cc(340)] could not read dos header from C:\WINDOWS\System32\WS2_32.dll
[0513/162948.287:ERROR:process_memory_win.cc(73)] ReadMemory at 0x7ff8497e0000 of 64 bytes failed: Only part of a ReadProcessMemory or WriteProcessMemory request was completed. (0x12B)
[0513/162948.287:WARNING:pe_image_reader.cc(340)] could not read dos header from C:\WINDOWS\System32\OLEAUT32.dll
[0513/162948.287:ERROR:process_memory_win.cc(73)] ReadMemory at 0x7ff8497e0000 of 64 bytes failed: Only part of a ReadProcessMemory or WriteProcessMemory request was completed. (0x12B)
[0513/162948.287:WARNING:pe_image_reader.cc(340)] could not read dos header from C:\WINDOWS\System32\OLEAUT32.dll
[0513/162948.287:ERROR:process_memory_win.cc(73)] ReadMemory at 0x7ff847db0000 of 64 bytes failed: Only part of a ReadProcessMemory or WriteProcessMemory request was completed. (0x12B)
[0513/162948.288:WARNING:pe_image_reader.cc(340)] could not read dos header from C:\WINDOWS\System32\msvcp_win.dll
[0513/162948.288:ERROR:process_memory_win.cc(73)] ReadMemory at 0x7ff847db0000 of 64 bytes failed: Only part of a ReadProcessMemory or WriteProcessMemory request was completed. (0x12B)
[0513/162948.288:WARNING:pe_image_reader.cc(340)] could not read dos header from C:\WINDOWS\System32\msvcp_win.dll
[0513/162948.288:ERROR:process_memory_win.cc(73)] ReadMemory at 0x7ff847cb0000 of 64 bytes failed: Only part of a ReadProcessMemory or WriteProcessMemory request was completed. (0x12B)
[0513/162948.288:WARNING:pe_image_reader.cc(340)] could not read dos header from C:\WINDOWS\System32\ucrtbase.dll
[0513/162948.288:ERROR:process_memory_win.cc(73)] ReadMemory at 0x7ff847cb0000 of 64 bytes failed: Only part of a ReadProcessMemory or WriteProcessMemory request was completed. (0x12B)
[0513/162948.288:WARNING:pe_image_reader.cc(340)] could not read dos header from C:\WINDOWS\System32\ucrtbase.dll
[0513/162948.288:ERROR:process_memory_win.cc(73)] ReadMemory at 0x7ff8490e0000 of 64 bytes failed: Only part of a ReadProcessMemory or WriteProcessMemory request was completed. (0x12B)
[0513/162948.288:WARNING:pe_image_reader.cc(340)] could not read dos header from C:\WINDOWS\System32\combase.dll
[0513/162948.288:ERROR:process_memory_win.cc(73)] ReadMemory at 0x7ff8490e0000 of 64 bytes failed: Only part of a ReadProcessMemory or WriteProcessMemory request was completed. (0x12B)
[0513/162948.288:WARNING:pe_image_reader.cc(340)] could not read dos header from C:\WINDOWS\System32\combase.dll
[0513/162948.288:ERROR:process_memory_win.cc(73)] ReadMemory at 0x7ff848330000 of 64 bytes failed: Only part of a ReadProcessMemory or WriteProcessMemory request was completed. (0x12B)
[0513/162948.288:WARNING:pe_image_reader.cc(340)] could not read dos header from C:\WINDOWS\System32\WINTRUST.dll
[0513/162948.289:ERROR:process_memory_win.cc(73)] ReadMemory at 0x7ff848330000 of 64 bytes failed: Only part of a ReadProcessMemory or WriteProcessMemory request was completed. (0x12B)
[0513/162948.289:WARNING:pe_image_reader.cc(340)] could not read dos header from C:\WINDOWS\System32\WINTRUST.dll
[0513/162948.289:ERROR:process_memory_win.cc(73)] ReadMemory at 0x7ff8472f0000 of 64 bytes failed: Only part of a ReadProcessMemory or WriteProcessMemory request was completed. (0x12B)
[0513/162948.289:WARNING:pe_image_reader.cc(340)] could not read dos header from C:\WINDOWS\System32\MSASN1.dll
[0513/162948.289:ERROR:process_memory_win.cc(73)] ReadMemory at 0x7ff8472f0000 of 64 bytes failed: Only part of a ReadProcessMemory or WriteProcessMemory request was completed. (0x12B)
[0513/162948.289:WARNING:pe_image_reader.cc(340)] could not read dos header from C:\WINDOWS\System32\MSASN1.dll
[0513/162948.289:ERROR:process_memory_win.cc(73)] ReadMemory at 0x7ff848130000 of 64 bytes failed: Only part of a ReadProcessMemory or WriteProcessMemory request was completed. (0x12B)
[0513/162948.289:WARNING:pe_image_reader.cc(340)] could not read dos header from C:\WINDOWS\System32\CRYPT32.dll
[0513/162948.289:ERROR:process_memory_win.cc(73)] ReadMemory at 0x7ff848130000 of 64 bytes failed: Only part of a ReadProcessMemory or WriteProcessMemory request was completed. (0x12B)
[0513/162948.289:WARNING:pe_image_reader.cc(340)] could not read dos header from C:\WINDOWS\System32\CRYPT32.dll
[0513/162948.289:ERROR:process_memory_win.cc(73)] ReadMemory at 0x7ff846760000 of 64 bytes failed: Only part of a ReadProcessMemory or WriteProcessMemory request was completed. (0x12B)
[0513/162948.289:WARNING:pe_image_reader.cc(340)] could not read dos header from C:\WINDOWS\SYSTEM32\IPHLPAPI.DLL
[0513/162948.289:ERROR:process_memory_win.cc(73)] ReadMemory at 0x7ff846760000 of 64 bytes failed: Only part of a ReadProcessMemory or WriteProcessMemory request was completed. (0x12B)
[0513/162948.289:WARNING:pe_image_reader.cc(340)] could not read dos header from C:\WINDOWS\SYSTEM32\IPHLPAPI.DLL
[0513/162948.289:ERROR:process_memory_win.cc(73)] ReadMemory at 0x7ff844d50000 of 64 bytes failed: Only part of a ReadProcessMemory or WriteProcessMemory request was completed. (0x12B)
[0513/162948.289:WARNING:pe_image_reader.cc(340)] could not read dos header from C:\WINDOWS\SYSTEM32\WINMM.dll
[0513/162948.289:ERROR:process_memory_win.cc(73)] ReadMemory at 0x7ff844d50000 of 64 bytes failed: Only part of a ReadProcessMemory or WriteProcessMemory request was completed. (0x12B)
[0513/162948.289:WARNING:pe_image_reader.cc(340)] could not read dos header from C:\WINDOWS\SYSTEM32\WINMM.dll
[0513/162948.289:ERROR:process_memory_win.cc(73)] ReadMemory at 0x7ff8404c0000 of 64 bytes failed: Only part of a ReadProcessMemory or WriteProcessMemory request was completed. (0x12B)
[0513/162948.289:WARNING:pe_image_reader.cc(340)] could not read dos header from C:\WINDOWS\SYSTEM32\Secur32.dll
[0513/162948.290:ERROR:process_memory_win.cc(73)] ReadMemory at 0x7ff8404c0000 of 64 bytes failed: Only part of a ReadProcessMemory or WriteProcessMemory request was completed. (0x12B)
[0513/162948.290:WARNING:pe_image_reader.cc(340)] could not read dos header from C:\WINDOWS\SYSTEM32\Secur32.dll
[0513/162948.290:ERROR:process_memory_win.cc(73)] ReadMemory at 0x7ff847160000 of 64 bytes failed: Only part of a ReadProcessMemory or WriteProcessMemory request was completed. (0x12B)
[0513/162948.290:WARNING:pe_image_reader.cc(340)] could not read dos header from C:\WINDOWS\SYSTEM32\USERENV.dll
[0513/162948.290:ERROR:process_memory_win.cc(73)] ReadMemory at 0x7ff847160000 of 64 bytes failed: Only part of a ReadProcessMemory or WriteProcessMemory request was completed. (0x12B)
[0513/162948.290:WARNING:pe_image_reader.cc(340)] could not read dos header from C:\WINDOWS\SYSTEM32\USERENV.dll
[0513/162948.290:ERROR:process_memory_win.cc(73)] ReadMemory at 0x7ff8472c0000 of 64 bytes failed: Only part of a ReadProcessMemory or WriteProcessMemory request was completed. (0x12B)
[0513/162948.290:WARNING:pe_image_reader.cc(340)] could not read dos header from C:\WINDOWS\System32\profapi.dll
[0513/162948.290:ERROR:process_memory_win.cc(73)] ReadMemory at 0x7ff8472c0000 of 64 bytes failed: Only part of a ReadProcessMemory or WriteProcessMemory request was completed. (0x12B)
[0513/162948.290:WARNING:pe_image_reader.cc(340)] could not read dos header from C:\WINDOWS\System32\profapi.dll
[0513/162948.290:ERROR:process_memory_win.cc(73)] ReadMemory at 0x7ff821210000 of 64 bytes failed: Only part of a ReadProcessMemory or WriteProcessMemory request was completed. (0x12B)
[0513/162948.290:WARNING:pe_image_reader.cc(340)] could not read dos header from C:\WINDOWS\SYSTEM32\UIAutomationCore.DLL
[0513/162948.290:ERROR:process_memory_win.cc(73)] ReadMemory at 0x7ff821210000 of 64 bytes failed: Only part of a ReadProcessMemory or WriteProcessMemory request was completed. (0x12B)
[0513/162948.290:WARNING:pe_image_reader.cc(340)] could not read dos header from C:\WINDOWS\SYSTEM32\UIAutomationCore.DLL
[0513/162948.290:ERROR:process_memory_win.cc(73)] ReadMemory at 0x7ff82bee0000 of 64 bytes failed: Only part of a ReadProcessMemory or WriteProcessMemory request was completed. (0x12B)
[0513/162948.290:WARNING:pe_image_reader.cc(340)] could not read dos header from C:\WINDOWS\SYSTEM32\DWrite.dll
[0513/162948.290:ERROR:process_memory_win.cc(73)] ReadMemory at 0x7ff82bee0000 of 64 bytes failed: Only part of a ReadProcessMemory or WriteProcessMemory request was completed. (0x12B)
[0513/162948.290:WARNING:pe_image_reader.cc(340)] could not read dos header from C:\WINDOWS\SYSTEM32\DWrite.dll
[0513/162948.291:ERROR:process_memory_win.cc(73)] ReadMemory at 0x7ff82c940000 of 64 bytes failed: Only part of a ReadProcessMemory or WriteProcessMemory request was completed. (0x12B)
[0513/162948.291:WARNING:pe_image_reader.cc(340)] could not read dos header from C:\WINDOWS\SYSTEM32\WINSPOOL.DRV
[0513/162948.291:ERROR:process_memory_win.cc(73)] ReadMemory at 0x7ff82c940000 of 64 bytes failed: Only part of a ReadProcessMemory or WriteProcessMemory request was completed. (0x12B)
[0513/162948.291:WARNING:pe_image_reader.cc(340)] could not read dos header from C:\WINDOWS\SYSTEM32\WINSPOOL.DRV
[0513/162948.291:ERROR:process_memory_win.cc(73)] ReadMemory at 0x7ff847250000 of 64 bytes failed: Only part of a ReadProcessMemory or WriteProcessMemory request was completed. (0x12B)
[0513/162948.291:WARNING:pe_image_reader.cc(340)] could not read dos header from C:\WINDOWS\System32\kernel.appcore.dll
[0513/162948.291:ERROR:process_memory_win.cc(73)] ReadMemory at 0x7ff847250000 of 64 bytes failed: Only part of a ReadProcessMemory or WriteProcessMemory request was completed. (0x12B)
[0513/162948.291:WARNING:pe_image_reader.cc(340)] could not read dos header from C:\WINDOWS\System32\kernel.appcore.dll
[0513/162948.291:ERROR:process_memory_win.cc(73)] ReadMemory at 0x7ff848390000 of 64 bytes failed: Only part of a ReadProcessMemory or WriteProcessMemory request was completed. (0x12B)
[0513/162948.291:WARNING:pe_image_reader.cc(340)] could not read dos header from C:\WINDOWS\System32\bcrypt.dll
[0513/162948.291:ERROR:process_memory_win.cc(73)] ReadMemory at 0x7ff848390000 of 64 bytes failed: Only part of a ReadProcessMemory or WriteProcessMemory request was completed. (0x12B)
[0513/162948.291:WARNING:pe_image_reader.cc(340)] could not read dos header from C:\WINDOWS\System32\bcrypt.dll
[0513/162948.291:ERROR:process_memory_win.cc(73)] ReadMemory at 0x7ff845b10000 of 64 bytes failed: Only part of a ReadProcessMemory or WriteProcessMemory request was completed. (0x12B)
[0513/162948.291:WARNING:pe_image_reader.cc(340)] could not read dos header from C:\WINDOWS\SYSTEM32\dbghelp.dll
[0513/162948.291:ERROR:process_memory_win.cc(73)] ReadMemory at 0x7ff845b10000 of 64 bytes failed: Only part of a ReadProcessMemory or WriteProcessMemory request was completed. (0x12B)
[0513/162948.291:WARNING:pe_image_reader.cc(340)] could not read dos header from C:\WINDOWS\SYSTEM32\dbghelp.dll
[0513/162948.291:ERROR:process_memory_win.cc(73)] ReadMemory at 0x7ff842490000 of 64 bytes failed: Only part of a ReadProcessMemory or WriteProcessMemory request was completed. (0x12B)
[0513/162948.292:WARNING:pe_image_reader.cc(340)] could not read dos header from C:\WINDOWS\SYSTEM32\WINHTTP.dll
[0513/162948.292:ERROR:process_memory_win.cc(73)] ReadMemory at 0x7ff842490000 of 64 bytes failed: Only part of a ReadProcessMemory or WriteProcessMemory request was completed. (0x12B)
[0513/162948.292:WARNING:pe_image_reader.cc(340)] could not read dos header from C:\WINDOWS\SYSTEM32\WINHTTP.dll
[0513/162948.292:ERROR:process_memory_win.cc(73)] ReadMemory at 0x7ff83e7d0000 of 64 bytes failed: Only part of a ReadProcessMemory or WriteProcessMemory request was completed. (0x12B)
[0513/162948.292:WARNING:pe_image_reader.cc(340)] could not read dos header from C:\WINDOWS\SYSTEM32\dhcpcsvc.DLL
[0513/162948.292:ERROR:process_memory_win.cc(73)] ReadMemory at 0x7ff83e7d0000 of 64 bytes failed: Only part of a ReadProcessMemory or WriteProcessMemory request was completed. (0x12B)
[0513/162948.292:WARNING:pe_image_reader.cc(340)] could not read dos header from C:\WINDOWS\SYSTEM32\dhcpcsvc.DLL
[0513/162948.292:ERROR:process_memory_win.cc(73)] ReadMemory at 0x7ff84a150000 of 64 bytes failed: Only part of a ReadProcessMemory or WriteProcessMemory request was completed. (0x12B)
[0513/162948.292:WARNING:pe_image_reader.cc(340)] could not read dos header from C:\WINDOWS\System32\NSI.dll
[0513/162948.292:ERROR:process_memory_win.cc(73)] ReadMemory at 0x7ff84a150000 of 64 bytes failed: Only part of a ReadProcessMemory or WriteProcessMemory request was completed. (0x12B)
[0513/162948.292:WARNING:pe_image_reader.cc(340)] could not read dos header from C:\WINDOWS\System32\NSI.dll
[0513/162948.292:ERROR:process_memory_win.cc(73)] ReadMemory at 0x7ff844c20000 of 64 bytes failed: Only part of a ReadProcessMemory or WriteProcessMemory request was completed. (0x12B)
[0513/162948.292:WARNING:pe_image_reader.cc(340)] could not read dos header from C:\WINDOWS\SYSTEM32\WINMMBASE.dll
[0513/162948.292:ERROR:process_memory_win.cc(73)] ReadMemory at 0x7ff844c20000 of 64 bytes failed: Only part of a ReadProcessMemory or WriteProcessMemory request was completed. (0x12B)
[0513/162948.292:WARNING:pe_image_reader.cc(340)] could not read dos header from C:\WINDOWS\SYSTEM32\WINMMBASE.dll
[0513/162948.292:ERROR:process_memory_win.cc(73)] ReadMemory at 0x7ff8483c0000 of 64 bytes failed: Only part of a ReadProcessMemory or WriteProcessMemory request was completed. (0x12B)
[0513/162948.292:WARNING:pe_image_reader.cc(340)] could not read dos header from C:\WINDOWS\System32\cfgmgr32.dll
[0513/162948.293:ERROR:process_memory_win.cc(73)] ReadMemory at 0x7ff8483c0000 of 64 bytes failed: Only part of a ReadProcessMemory or WriteProcessMemory request was completed. (0x12B)
[0513/162948.293:WARNING:pe_image_reader.cc(340)] could not read dos header from C:\WINDOWS\System32\cfgmgr32.dll
[0513/162948.293:ERROR:process_memory_win.cc(73)] ReadMemory at 0x7ff843c20000 of 64 bytes failed: Only part of a ReadProcessMemory or WriteProcessMemory request was completed. (0x12B)
[0513/162948.293:WARNING:pe_image_reader.cc(340)] could not read dos header from C:\WINDOWS\SYSTEM32\PROPSYS.dll
[0513/162948.293:ERROR:process_memory_win.cc(73)] ReadMemory at 0x7ff843c20000 of 64 bytes failed: Only part of a ReadProcessMemory or WriteProcessMemory request was completed. (0x12B)
[0513/162948.293:WARNING:pe_image_reader.cc(340)] could not read dos header from C:\WINDOWS\SYSTEM32\PROPSYS.dll
[0513/162948.293:ERROR:process_memory_win.cc(73)] ReadMemory at 0x7ff848710000 of 64 bytes failed: Only part of a ReadProcessMemory or WriteProcessMemory request was completed. (0x12B)
[0513/162948.293:WARNING:pe_image_reader.cc(340)] could not read dos header from C:\WINDOWS\System32\shcore.dll
[0513/162948.293:ERROR:process_memory_win.cc(73)] ReadMemory at 0x7ff848710000 of 64 bytes failed: Only part of a ReadProcessMemory or WriteProcessMemory request was completed. (0x12B)
[0513/162948.293:WARNING:pe_image_reader.cc(340)] could not read dos header from C:\WINDOWS\System32\shcore.dll
[0513/162948.293:ERROR:process_memory_win.cc(73)] ReadMemory at 0x7ff847130000 of 64 bytes failed: Only part of a ReadProcessMemory or WriteProcessMemory request was completed. (0x12B)
[0513/162948.293:WARNING:pe_image_reader.cc(340)] could not read dos header from C:\WINDOWS\SYSTEM32\SSPICLI.DLL
[0513/162948.293:ERROR:process_memory_win.cc(73)] ReadMemory at 0x7ff847130000 of 64 bytes failed: Only part of a ReadProcessMemory or WriteProcessMemory request was completed. (0x12B)
[0513/162948.293:WARNING:pe_image_reader.cc(340)] could not read dos header from C:\WINDOWS\SYSTEM32\SSPICLI.DLL
[0513/162948.293:ERROR:process_memory_win.cc(73)] ReadMemory at 0x7ff846c20000 of 64 bytes failed: Only part of a ReadProcessMemory or WriteProcessMemory request was completed. (0x12B)
[0513/162948.293:WARNING:pe_image_reader.cc(340)] could not read dos header from C:\WINDOWS\SYSTEM32\CRYPTBASE.DLL
[0513/162948.293:ERROR:process_memory_win.cc(73)] ReadMemory at 0x7ff846c20000 of 64 bytes failed: Only part of a ReadProcessMemory or WriteProcessMemory request was completed. (0x12B)
[0513/162948.293:WARNING:pe_image_reader.cc(340)] could not read dos header from C:\WINDOWS\SYSTEM32\CRYPTBASE.DLL
[0513/162948.325:ERROR:process_memory_win.cc(73)] ReadMemory at 0x7ff6d04d0000 of 64 bytes failed: Only part of a ReadProcessMemory or WriteProcessMemory request was completed. (0x12B)
[0513/162948.325:WARNING:pe_image_reader.cc(340)] could not read dos header from C:\Program Files (x86)\Google\Chrome\Application\chrome.exe
[0513/162948.325:ERROR:process_memory_win.cc(73)] ReadMemory at 0x7ff84a380000 of 64 bytes failed: Only part of a ReadProcessMemory or WriteProcessMemory request was completed. (0x12B)
[0513/162948.325:WARNING:pe_image_reader.cc(340)] could not read dos header from C:\WINDOWS\SYSTEM32\ntdll.dll
[0513/162948.325:ERROR:process_memory_win.cc(73)] ReadMemory at 0x7ff84a280000 of 64 bytes failed: Only part of a ReadProcessMemory or WriteProcessMemory request was completed. (0x12B)
[0513/162948.325:WARNING:pe_image_reader.cc(340)] could not read dos header from C:\WINDOWS\System32\KERNEL32.DLL
[0513/162948.325:ERROR:process_memory_win.cc(73)] ReadMemory at 0x7ff847e80000 of 64 bytes failed: Only part of a ReadProcessMemory or WriteProcessMemory request was completed. (0x12B)
[0513/162948.325:WARNING:pe_image_reader.cc(340)] could not read dos header from C:\WINDOWS\System32\KERNELBASE.dll
[0513/162948.325:ERROR:process_memory_win.cc(73)] ReadMemory at 0x7ff820730000 of 64 bytes failed: Only part of a ReadProcessMemory or WriteProcessMemory request was completed. (0x12B)
[0513/162948.325:WARNING:pe_image_reader.cc(340)] could not read dos header from C:\Program Files (x86)\Google\Chrome\Application\81.0.4044.138\chrome_elf.dll
[0513/162948.325:ERROR:process_memory_win.cc(73)] ReadMemory at 0x7ff8427b0000 of 64 bytes failed: Only part of a ReadProcessMemory or WriteProcessMemory request was completed. (0x12B)
[0513/162948.325:WARNING:pe_image_reader.cc(340)] could not read dos header from C:\WINDOWS\SYSTEM32\VERSION.dll
[0513/162948.325:ERROR:process_memory_win.cc(73)] ReadMemory at 0x7ff8485e0000 of 64 bytes failed: Only part of a ReadProcessMemory or WriteProcessMemory request was completed. (0x12B)
[0513/162948.325:WARNING:pe_image_reader.cc(340)] could not read dos header from C:\WINDOWS\System32\msvcrt.dll
[0513/162948.325:ERROR:process_memory_win.cc(73)] ReadMemory at 0x7ff847c30000 of 64 bytes failed: Only part of a ReadProcessMemory or WriteProcessMemory request was completed. (0x12B)
[0513/162948.326:WARNING:pe_image_reader.cc(340)] could not read dos header from C:\WINDOWS\System32\bcryptPrimitives.dll
[0513/162948.326:ERROR:process_memory_win.cc(73)] ReadMemory at 0x7ff849030000 of 64 bytes failed: Only part of a ReadProcessMemory or WriteProcessMemory request was completed. (0x12B)
[0513/162948.326:WARNING:pe_image_reader.cc(340)] could not read dos header from C:\WINDOWS\System32\ADVAPI32.dll
[0513/162948.326:ERROR:process_memory_win.cc(73)] ReadMemory at 0x7ff84a050000 of 64 bytes failed: Only part of a ReadProcessMemory or WriteProcessMemory request was completed. (0x12B)
[0513/162948.326:WARNING:pe_image_reader.cc(340)] could not read dos header from C:\WINDOWS\System32\sechost.dll
[0513/162948.326:ERROR:process_memory_win.cc(73)] ReadMemory at 0x7ff84a160000 of 64 bytes failed: Only part of a ReadProcessMemory or WriteProcessMemory request was completed. (0x12B)
[0513/162948.326:WARNING:pe_image_reader.cc(340)] could not read dos header from C:\WINDOWS\System32\RPCRT4.dll
[0513/162948.326:ERROR:process_memory_win.cc(73)] ReadMemory at 0x7ffff8350000 of 64 bytes failed: Only part of a ReadProcessMemory or WriteProcessMemory request was completed. (0x12B)
[0513/162948.326:WARNING:pe_image_reader.cc(340)] could not read dos header from C:\Program Files (x86)\Google\Chrome\Application\81.0.4044.138\chrome.dll
[0513/162948.326:ERROR:process_memory_win.cc(73)] ReadMemory at 0x7ff849420000 of 64 bytes failed: Only part of a ReadProcessMemory or WriteProcessMemory request was completed. (0x12B)
[0513/162948.326:WARNING:pe_image_reader.cc(340)] could not read dos header from C:\WINDOWS\System32\WS2_32.dll
[0513/162948.326:ERROR:process_memory_win.cc(73)] ReadMemory at 0x7ff8497e0000 of 64 bytes failed: Only part of a ReadProcessMemory or WriteProcessMemory request was completed. (0x12B)
[0513/162948.326:WARNING:pe_image_reader.cc(340)] could not read dos header from C:\WINDOWS\System32\OLEAUT32.dll
[0513/162948.326:ERROR:process_memory_win.cc(73)] ReadMemory at 0x7ff847db0000 of 64 bytes failed: Only part of a ReadProcessMemory or WriteProcessMemory request was completed. (0x12B)
[0513/162948.326:WARNING:pe_image_reader.cc(340)] could not read dos header from C:\WINDOWS\System32\msvcp_win.dll
[0513/162948.326:ERROR:process_memory_win.cc(73)] ReadMemory at 0x7ff847cb0000 of 64 bytes failed: Only part of a ReadProcessMemory or WriteProcessMemory request was completed. (0x12B)
[0513/162948.326:WARNING:pe_image_reader.cc(340)] could not read dos header from C:\WINDOWS\System32\ucrtbase.dll
[0513/162948.326:ERROR:process_memory_win.cc(73)] ReadMemory at 0x7ff8490e0000 of 64 bytes failed: Only part of a ReadProcessMemory or WriteProcessMemory request was completed. (0x12B)
[0513/162948.326:WARNING:pe_image_reader.cc(340)] could not read dos header from C:\WINDOWS\System32\combase.dll
[0513/162948.326:ERROR:process_memory_win.cc(73)] ReadMemory at 0x7ff848330000 of 64 bytes failed: Only part of a ReadProcessMemory or WriteProcessMemory request was completed. (0x12B)
[0513/162948.326:WARNING:pe_image_reader.cc(340)] could not read dos header from C:\WINDOWS\System32\WINTRUST.dll
[0513/162948.327:ERROR:process_memory_win.cc(73)] ReadMemory at 0x7ff8472f0000 of 64 bytes failed: Only part of a ReadProcessMemory or WriteProcessMemory request was completed. (0x12B)
[0513/162948.327:WARNING:pe_image_reader.cc(340)] could not read dos header from C:\WINDOWS\System32\MSASN1.dll
[0513/162948.327:ERROR:process_memory_win.cc(73)] ReadMemory at 0x7ff848130000 of 64 bytes failed: Only part of a ReadProcessMemory or WriteProcessMemory request was completed. (0x12B)
[0513/162948.327:WARNING:pe_image_reader.cc(340)] could not read dos header from C:\WINDOWS\System32\CRYPT32.dll
[0513/162948.327:ERROR:process_memory_win.cc(73)] ReadMemory at 0x7ff846760000 of 64 bytes failed: Only part of a ReadProcessMemory or WriteProcessMemory request was completed. (0x12B)
[0513/162948.327:WARNING:pe_image_reader.cc(340)] could not read dos header from C:\WINDOWS\SYSTEM32\IPHLPAPI.DLL
[0513/162948.327:ERROR:process_memory_win.cc(73)] ReadMemory at 0x7ff844d50000 of 64 bytes failed: Only part of a ReadProcessMemory or WriteProcessMemory request was completed. (0x12B)
[0513/162948.327:WARNING:pe_image_reader.cc(340)] could not read dos header from C:\WINDOWS\SYSTEM32\WINMM.dll
[0513/162948.327:ERROR:process_memory_win.cc(73)] ReadMemory at 0x7ff8404c0000 of 64 bytes failed: Only part of a ReadProcessMemory or WriteProcessMemory request was completed. (0x12B)
[0513/162948.327:WARNING:pe_image_reader.cc(340)] could not read dos header from C:\WINDOWS\SYSTEM32\Secur32.dll
[0513/162948.327:ERROR:process_memory_win.cc(73)] ReadMemory at 0x7ff847160000 of 64 bytes failed: Only part of a ReadProcessMemory or WriteProcessMemory request was completed. (0x12B)
[0513/162948.327:WARNING:pe_image_reader.cc(340)] could not read dos header from C:\WINDOWS\SYSTEM32\USERENV.dll
[0513/162948.327:ERROR:process_memory_win.cc(73)] ReadMemory at 0x7ff8472c0000 of 64 bytes failed: Only part of a ReadProcessMemory or WriteProcessMemory request was completed. (0x12B)
[0513/162948.327:WARNING:pe_image_reader.cc(340)] could not read dos header from C:\WINDOWS\System32\profapi.dll
[0513/162948.327:ERROR:process_memory_win.cc(73)] ReadMemory at 0x7ff821210000 of 64 bytes failed: Only part of a ReadProcessMemory or WriteProcessMemory request was completed. (0x12B)
[0513/162948.327:WARNING:pe_image_reader.cc(340)] could not read dos header from C:\WINDOWS\SYSTEM32\UIAutomationCore.DLL
[0513/162948.328:ERROR:process_memory_win.cc(73)] ReadMemory at 0x7ff82bee0000 of 64 bytes failed: Only part of a ReadProcessMemory or WriteProcessMemory request was completed. (0x12B)
[0513/162948.328:WARNING:pe_image_reader.cc(340)] could not read dos header from C:\WINDOWS\SYSTEM32\DWrite.dll
[0513/162948.328:ERROR:process_memory_win.cc(73)] ReadMemory at 0x7ff82c940000 of 64 bytes failed: Only part of a ReadProcessMemory or WriteProcessMemory request was completed. (0x12B)
[0513/162948.328:WARNING:pe_image_reader.cc(340)] could not read dos header from C:\WINDOWS\SYSTEM32\WINSPOOL.DRV
[0513/162948.328:ERROR:process_memory_win.cc(73)] ReadMemory at 0x7ff847250000 of 64 bytes failed: Only part of a ReadProcessMemory or WriteProcessMemory request was completed. (0x12B)
[0513/162948.328:WARNING:pe_image_reader.cc(340)] could not read dos header from C:\WINDOWS\System32\kernel.appcore.dll
[0513/162948.328:ERROR:process_memory_win.cc(73)] ReadMemory at 0x7ff848390000 of 64 bytes failed: Only part of a ReadProcessMemory or WriteProcessMemory request was completed. (0x12B)
[0513/162948.328:WARNING:pe_image_reader.cc(340)] could not read dos header from C:\WINDOWS\System32\bcrypt.dll
[0513/162948.328:ERROR:process_memory_win.cc(73)] ReadMemory at 0x7ff845b10000 of 64 bytes failed: Only part of a ReadProcessMemory or WriteProcessMemory request was completed. (0x12B)
[0513/162948.328:WARNING:pe_image_reader.cc(340)] could not read dos header from C:\WINDOWS\SYSTEM32\dbghelp.dll
[0513/162948.328:ERROR:process_memory_win.cc(73)] ReadMemory at 0x7ff842490000 of 64 bytes failed: Only part of a ReadProcessMemory or WriteProcessMemory request was completed. (0x12B)
[0513/162948.328:WARNING:pe_image_reader.cc(340)] could not read dos header from C:\WINDOWS\SYSTEM32\WINHTTP.dll
[0513/162948.328:ERROR:process_memory_win.cc(73)] ReadMemory at 0x7ff83e7d0000 of 64 bytes failed: Only part of a ReadProcessMemory or WriteProcessMemory request was completed. (0x12B)
[0513/162948.328:WARNING:pe_image_reader.cc(340)] could not read dos header from C:\WINDOWS\SYSTEM32\dhcpcsvc.DLL
[0513/162948.328:ERROR:process_memory_win.cc(73)] ReadMemory at 0x7ff84a150000 of 64 bytes failed: Only part of a ReadProcessMemory or WriteProcessMemory request was completed. (0x12B)
[0513/162948.328:WARNING:pe_image_reader.cc(340)] could not read dos header from C:\WINDOWS\System32\NSI.dll
[0513/162948.328:ERROR:process_memory_win.cc(73)] ReadMemory at 0x7ff844c20000 of 64 bytes failed: Only part of a ReadProcessMemory or WriteProcessMemory request was completed. (0x12B)
[0513/162948.328:WARNING:pe_image_reader.cc(340)] could not read dos header from C:\WINDOWS\SYSTEM32\WINMMBASE.dll
[0513/162948.328:ERROR:process_memory_win.cc(73)] ReadMemory at 0x7ff8483c0000 of 64 bytes failed: Only part of a ReadProcessMemory or WriteProcessMemory request was completed. (0x12B)
[0513/162948.328:WARNING:pe_image_reader.cc(340)] could not read dos header from C:\WINDOWS\System32\cfgmgr32.dll
[0513/162948.328:ERROR:process_memory_win.cc(73)] ReadMemory at 0x7ff843c20000 of 64 bytes failed: Only part of a ReadProcessMemory or WriteProcessMemory request was completed. (0x12B)
[0513/162948.329:WARNING:pe_image_reader.cc(340)] could not read dos header from C:\WINDOWS\SYSTEM32\PROPSYS.dll
[0513/162948.329:ERROR:process_memory_win.cc(73)] ReadMemory at 0x7ff848710000 of 64 bytes failed: Only part of a ReadProcessMemory or WriteProcessMemory request was completed. (0x12B)
[0513/162948.329:WARNING:pe_image_reader.cc(340)] could not read dos header from C:\WINDOWS\System32\shcore.dll
[0513/162948.329:ERROR:process_memory_win.cc(73)] ReadMemory at 0x7ff847130000 of 64 bytes failed: Only part of a ReadProcessMemory or WriteProcessMemory request was completed. (0x12B)
[0513/162948.329:WARNING:pe_image_reader.cc(340)] could not read dos header from C:\WINDOWS\SYSTEM32\SSPICLI.DLL
[0513/162948.329:ERROR:process_memory_win.cc(73)] ReadMemory at 0x7ff846c20000 of 64 bytes failed: Only part of a ReadProcessMemory or WriteProcessMemory request was completed. (0x12B)
[0513/162948.329:WARNING:pe_image_reader.cc(340)] could not read dos header from C:\WINDOWS\SYSTEM32\CRYPTBASE.DLL
[0513/162948.332:ERROR:process_memory_win.cc(73)] ReadMemory at 0x7ff6d04d0000 of 64 bytes failed: Only part of a ReadProcessMemory or WriteProcessMemory request was completed. (0x12B)
[0513/162948.332:WARNING:pe_image_reader.cc(340)] could not read dos header from C:\Program Files (x86)\Google\Chrome\Application\chrome.exe
[0513/162948.332:ERROR:process_memory_win.cc(73)] ReadMemory at 0x7ff84a380000 of 64 bytes failed: Only part of a ReadProcessMemory or WriteProcessMemory request was completed. (0x12B)
[0513/162948.332:WARNING:pe_image_reader.cc(340)] could not read dos header from C:\WINDOWS\SYSTEM32\ntdll.dll
[0513/162948.332:ERROR:process_memory_win.cc(73)] ReadMemory at 0x7ff84a280000 of 64 bytes failed: Only part of a ReadProcessMemory or WriteProcessMemory request was completed. (0x12B)
[0513/162948.332:WARNING:pe_image_reader.cc(340)] could not read dos header from C:\WINDOWS\System32\KERNEL32.DLL
[0513/162948.332:ERROR:process_memory_win.cc(73)] ReadMemory at 0x7ff847e80000 of 64 bytes failed: Only part of a ReadProcessMemory or WriteProcessMemory request was completed. (0x12B)
[0513/162948.332:WARNING:pe_image_reader.cc(340)] could not read dos header from C:\WINDOWS\System32\KERNELBASE.dll
[0513/162948.332:ERROR:process_memory_win.cc(73)] ReadMemory at 0x7ff820730000 of 64 bytes failed: Only part of a ReadProcessMemory or WriteProcessMemory request was completed. (0x12B)
[0513/162948.332:WARNING:pe_image_reader.cc(340)] could not read dos header from C:\Program Files (x86)\Google\Chrome\Application\81.0.4044.138\chrome_elf.dll
[0513/162948.332:ERROR:process_memory_win.cc(73)] ReadMemory at 0x7ff8427b0000 of 64 bytes failed: Only part of a ReadProcessMemory or WriteProcessMemory request was completed. (0x12B)
[0513/162948.332:WARNING:pe_image_reader.cc(340)] could not read dos header from C:\WINDOWS\SYSTEM32\VERSION.dll
[0513/162948.332:ERROR:process_memory_win.cc(73)] ReadMemory at 0x7ff8485e0000 of 64 bytes failed: Only part of a ReadProcessMemory or WriteProcessMemory request was completed. (0x12B)
[0513/162948.332:WARNING:pe_image_reader.cc(340)] could not read dos header from C:\WINDOWS\System32\msvcrt.dll
[0513/162948.333:ERROR:process_memory_win.cc(73)] ReadMemory at 0x7ff847c30000 of 64 bytes failed: Only part of a ReadProcessMemory or WriteProcessMemory request was completed. (0x12B)
[0513/162948.333:WARNING:pe_image_reader.cc(340)] could not read dos header from C:\WINDOWS\System32\bcryptPrimitives.dll
[0513/162948.333:ERROR:process_memory_win.cc(73)] ReadMemory at 0x7ff849030000 of 64 bytes failed: Only part of a ReadProcessMemory or WriteProcessMemory request was completed. (0x12B)
[0513/162948.333:WARNING:pe_image_reader.cc(340)] could not read dos header from C:\WINDOWS\System32\ADVAPI32.dll
[0513/162948.333:ERROR:process_memory_win.cc(73)] ReadMemory at 0x7ff84a050000 of 64 bytes failed: Only part of a ReadProcessMemory or WriteProcessMemory request was completed. (0x12B)
[0513/162948.333:WARNING:pe_image_reader.cc(340)] could not read dos header from C:\WINDOWS\System32\sechost.dll
[0513/162948.333:ERROR:process_memory_win.cc(73)] ReadMemory at 0x7ff84a160000 of 64 bytes failed: Only part of a ReadProcessMemory or WriteProcessMemory request was completed. (0x12B)
[0513/162948.333:WARNING:pe_image_reader.cc(340)] could not read dos header from C:\WINDOWS\System32\RPCRT4.dll
[0513/162948.333:ERROR:process_memory_win.cc(73)] ReadMemory at 0x7ffff8350000 of 64 bytes failed: Only part of a ReadProcessMemory or WriteProcessMemory request was completed. (0x12B)
[0513/162948.333:WARNING:pe_image_reader.cc(340)] could not read dos header from C:\Program Files (x86)\Google\Chrome\Application\81.0.4044.138\chrome.dll
[0513/162948.333:ERROR:process_memory_win.cc(73)] ReadMemory at 0x7ff849420000 of 64 bytes failed: Only part of a ReadProcessMemory or WriteProcessMemory request was completed. (0x12B)
[0513/162948.333:WARNING:pe_image_reader.cc(340)] could not read dos header from C:\WINDOWS\System32\WS2_32.dll
[0513/162948.333:ERROR:process_memory_win.cc(73)] ReadMemory at 0x7ff8497e0000 of 64 bytes failed: Only part of a ReadProcessMemory or WriteProcessMemory request was completed. (0x12B)
[0513/162948.333:WARNING:pe_image_reader.cc(340)] could not read dos header from C:\WINDOWS\System32\OLEAUT32.dll
[0513/162948.333:ERROR:process_memory_win.cc(73)] ReadMemory at 0x7ff847db0000 of 64 bytes failed: Only part of a ReadProcessMemory or WriteProcessMemory request was completed. (0x12B)
[0513/162948.333:WARNING:pe_image_reader.cc(340)] could not read dos header from C:\WINDOWS\System32\msvcp_win.dll
[0513/162948.333:ERROR:process_memory_win.cc(73)] ReadMemory at 0x7ff847cb0000 of 64 bytes failed: Only part of a ReadProcessMemory or WriteProcessMemory request was completed. (0x12B)
[0513/162948.333:WARNING:pe_image_reader.cc(340)] could not read dos header from C:\WINDOWS\System32\ucrtbase.dll
[0513/162948.333:ERROR:process_memory_win.cc(73)] ReadMemory at 0x7ff8490e0000 of 64 bytes failed: Only part of a ReadProcessMemory or WriteProcessMemory request was completed. (0x12B)
[0513/162948.334:WARNING:pe_image_reader.cc(340)] could not read dos header from C:\WINDOWS\System32\combase.dll
[0513/162948.334:ERROR:process_memory_win.cc(73)] ReadMemory at 0x7ff848330000 of 64 bytes failed: Only part of a ReadProcessMemory or WriteProcessMemory request was completed. (0x12B)
[0513/162948.334:WARNING:pe_image_reader.cc(340)] could not read dos header from C:\WINDOWS\System32\WINTRUST.dll
[0513/162948.334:ERROR:process_memory_win.cc(73)] ReadMemory at 0x7ff8472f0000 of 64 bytes failed: Only part of a ReadProcessMemory or WriteProcessMemory request was completed. (0x12B)
[0513/162948.334:WARNING:pe_image_reader.cc(340)] could not read dos header from C:\WINDOWS\System32\MSASN1.dll
[0513/162948.334:ERROR:process_memory_win.cc(73)] ReadMemory at 0x7ff848130000 of 64 bytes failed: Only part of a ReadProcessMemory or WriteProcessMemory request was completed. (0x12B)
[0513/162948.334:WARNING:pe_image_reader.cc(340)] could not read dos header from C:\WINDOWS\System32\CRYPT32.dll
[0513/162948.334:ERROR:process_memory_win.cc(73)] ReadMemory at 0x7ff846760000 of 64 bytes failed: Only part of a ReadProcessMemory or WriteProcessMemory request was completed. (0x12B)
[0513/162948.334:WARNING:pe_image_reader.cc(340)] could not read dos header from C:\WINDOWS\SYSTEM32\IPHLPAPI.DLL
[0513/162948.334:ERROR:process_memory_win.cc(73)] ReadMemory at 0x7ff844d50000 of 64 bytes failed: Only part of a ReadProcessMemory or WriteProcessMemory request was completed. (0x12B)
[0513/162948.334:WARNING:pe_image_reader.cc(340)] could not read dos header from C:\WINDOWS\SYSTEM32\WINMM.dll
[0513/162948.334:ERROR:process_memory_win.cc(73)] ReadMemory at 0x7ff8404c0000 of 64 bytes failed: Only part of a ReadProcessMemory or WriteProcessMemory request was completed. (0x12B)
[0513/162948.334:WARNING:pe_image_reader.cc(340)] could not read dos header from C:\WINDOWS\SYSTEM32\Secur32.dll
[0513/162948.334:ERROR:process_memory_win.cc(73)] ReadMemory at 0x7ff847160000 of 64 bytes failed: Only part of a ReadProcessMemory or WriteProcessMemory request was completed. (0x12B)
[0513/162948.334:WARNING:pe_image_reader.cc(340)] could not read dos header from C:\WINDOWS\SYSTEM32\USERENV.dll
[0513/162948.334:ERROR:process_memory_win.cc(73)] ReadMemory at 0x7ff8472c0000 of 64 bytes failed: Only part of a ReadProcessMemory or WriteProcessMemory request was completed. (0x12B)
[0513/162948.334:WARNING:pe_image_reader.cc(340)] could not read dos header from C:\WINDOWS\System32\profapi.dll
[0513/162948.334:ERROR:process_memory_win.cc(73)] ReadMemory at 0x7ff821210000 of 64 bytes failed: Only part of a ReadProcessMemory or WriteProcessMemory request was completed. (0x12B)
[0513/162948.334:WARNING:pe_image_reader.cc(340)] could not read dos header from C:\WINDOWS\SYSTEM32\UIAutomationCore.DLL
[0513/162948.334:ERROR:process_memory_win.cc(73)] ReadMemory at 0x7ff82bee0000 of 64 bytes failed: Only part of a ReadProcessMemory or WriteProcessMemory request was completed. (0x12B)
[0513/162948.334:WARNING:pe_image_reader.cc(340)] could not read dos header from C:\WINDOWS\SYSTEM32\DWrite.dll
[0513/162948.335:ERROR:process_memory_win.cc(73)] ReadMemory at 0x7ff82c940000 of 64 bytes failed: Only part of a ReadProcessMemory or WriteProcessMemory request was completed. (0x12B)
[0513/162948.335:WARNING:pe_image_reader.cc(340)] could not read dos header from C:\WINDOWS\SYSTEM32\WINSPOOL.DRV
[0513/162948.335:ERROR:process_memory_win.cc(73)] ReadMemory at 0x7ff847250000 of 64 bytes failed: Only part of a ReadProcessMemory or WriteProcessMemory request was completed. (0x12B)
[0513/162948.335:WARNING:pe_image_reader.cc(340)] could not read dos header from C:\WINDOWS\System32\kernel.appcore.dll
[0513/162948.335:ERROR:process_memory_win.cc(73)] ReadMemory at 0x7ff848390000 of 64 bytes failed: Only part of a ReadProcessMemory or WriteProcessMemory request was completed. (0x12B)
[0513/162948.335:WARNING:pe_image_reader.cc(340)] could not read dos header from C:\WINDOWS\System32\bcrypt.dll
[0513/162948.335:ERROR:process_memory_win.cc(73)] ReadMemory at 0x7ff845b10000 of 64 bytes failed: Only part of a ReadProcessMemory or WriteProcessMemory request was completed. (0x12B)
[0513/162948.335:WARNING:pe_image_reader.cc(340)] could not read dos header from C:\WINDOWS\SYSTEM32\dbghelp.dll
[0513/162948.335:ERROR:process_memory_win.cc(73)] ReadMemory at 0x7ff842490000 of 64 bytes failed: Only part of a ReadProcessMemory or WriteProcessMemory request was completed. (0x12B)
[0513/162948.335:WARNING:pe_image_reader.cc(340)] could not read dos header from C:\WINDOWS\SYSTEM32\WINHTTP.dll
[0513/162948.335:ERROR:process_memory_win.cc(73)] ReadMemory at 0x7ff83e7d0000 of 64 bytes failed: Only part of a ReadProcessMemory or WriteProcessMemory request was completed. (0x12B)
[0513/162948.335:WARNING:pe_image_reader.cc(340)] could not read dos header from C:\WINDOWS\SYSTEM32\dhcpcsvc.DLL
[0513/162948.335:ERROR:process_memory_win.cc(73)] ReadMemory at 0x7ff84a150000 of 64 bytes failed: Only part of a ReadProcessMemory or WriteProcessMemory request was completed. (0x12B)
[0513/162948.336:WARNING:pe_image_reader.cc(340)] could not read dos header from C:\WINDOWS\System32\NSI.dll
[0513/162948.336:ERROR:process_memory_win.cc(73)] ReadMemory at 0x7ff844c20000 of 64 bytes failed: Only part of a ReadProcessMemory or WriteProcessMemory request was completed. (0x12B)
[0513/162948.336:WARNING:pe_image_reader.cc(340)] could not read dos header from C:\WINDOWS\SYSTEM32\WINMMBASE.dll
[0513/162948.336:ERROR:process_memory_win.cc(73)] ReadMemory at 0x7ff8483c0000 of 64 bytes failed: Only part of a ReadProcessMemory or WriteProcessMemory request was completed. (0x12B)
[0513/162948.336:WARNING:pe_image_reader.cc(340)] could not read dos header from C:\WINDOWS\System32\cfgmgr32.dll
[0513/162948.336:ERROR:process_memory_win.cc(73)] ReadMemory at 0x7ff843c20000 of 64 bytes failed: Only part of a ReadProcessMemory or WriteProcessMemory request was completed. (0x12B)
[0513/162948.336:WARNING:pe_image_reader.cc(340)] could not read dos header from C:\WINDOWS\SYSTEM32\PROPSYS.dll
[0513/162948.336:ERROR:process_memory_win.cc(73)] ReadMemory at 0x7ff848710000 of 64 bytes failed: Only part of a ReadProcessMemory or WriteProcessMemory request was completed. (0x12B)
[0513/162948.336:WARNING:pe_image_reader.cc(340)] could not read dos header from C:\WINDOWS\System32\shcore.dll
[0513/162948.336:ERROR:process_memory_win.cc(73)] ReadMemory at 0x7ff847130000 of 64 bytes failed: Only part of a ReadProcessMemory or WriteProcessMemory request was completed. (0x12B)
[0513/162948.336:WARNING:pe_image_reader.cc(340)] could not read dos header from C:\WINDOWS\SYSTEM32\SSPICLI.DLL
[0513/162948.336:ERROR:process_memory_win.cc(73)] ReadMemory at 0x7ff846c20000 of 64 bytes failed: Only part of a ReadProcessMemory or WriteProcessMemory request was completed. (0x12B)
[0513/162948.336:WARNING:pe_image_reader.cc(340)] could not read dos header from C:\WINDOWS\SYSTEM32\CRYPTBASE.DLL
[0513/162948.336:ERROR:process_memory_win.cc(73)] ReadMemory at 0x7ff6d04d0000 of 64 bytes failed: Only part of a ReadProcessMemory or WriteProcessMemory request was completed. (0x12B)
[0513/162948.336:WARNING:pe_image_reader.cc(340)] could not read dos header from C:\Program Files (x86)\Google\Chrome\Application\chrome.exe
[0513/162948.336:ERROR:process_memory_win.cc(73)] ReadMemory at 0x7ff84a380000 of 64 bytes failed: Only part of a ReadProcessMemory or WriteProcessMemory request was completed. (0x12B)
[0513/162948.336:WARNING:pe_image_reader.cc(340)] could not read dos header from C:\WINDOWS\SYSTEM32\ntdll.dll
[0513/162948.336:ERROR:process_memory_win.cc(73)] ReadMemory at 0x7ff84a280000 of 64 bytes failed: Only part of a ReadProcessMemory or WriteProcessMemory request was completed. (0x12B)
[0513/162948.337:WARNING:pe_image_reader.cc(340)] could not read dos header from C:\WINDOWS\System32\KERNEL32.DLL
[0513/162948.337:ERROR:process_memory_win.cc(73)] ReadMemory at 0x7ff847e80000 of 64 bytes failed: Only part of a ReadProcessMemory or WriteProcessMemory request was completed. (0x12B)
[0513/162948.337:WARNING:pe_image_reader.cc(340)] could not read dos header from C:\WINDOWS\System32\KERNELBASE.dll
[0513/162948.337:ERROR:process_memory_win.cc(73)] ReadMemory at 0x7ff820730000 of 64 bytes failed: Only part of a ReadProcessMemory or WriteProcessMemory request was completed. (0x12B)
[0513/162948.337:WARNING:pe_image_reader.cc(340)] could not read dos header from C:\Program Files (x86)\Google\Chrome\Application\81.0.4044.138\chrome_elf.dll
[0513/162948.337:ERROR:process_memory_win.cc(73)] ReadMemory at 0x7ff8427b0000 of 64 bytes failed: Only part of a ReadProcessMemory or WriteProcessMemory request was completed. (0x12B)
[0513/162948.337:WARNING:pe_image_reader.cc(340)] could not read dos header from C:\WINDOWS\SYSTEM32\VERSION.dll
[0513/162948.337:ERROR:process_memory_win.cc(73)] ReadMemory at 0x7ff8485e0000 of 64 bytes failed: Only part of a ReadProcessMemory or WriteProcessMemory request was completed. (0x12B)
[0513/162948.337:WARNING:pe_image_reader.cc(340)] could not read dos header from C:\WINDOWS\System32\msvcrt.dll
[0513/162948.337:ERROR:process_memory_win.cc(73)] ReadMemory at 0x7ff847c30000 of 64 bytes failed: Only part of a ReadProcessMemory or WriteProcessMemory request was completed. (0x12B)
[0513/162948.337:WARNING:pe_image_reader.cc(340)] could not read dos header from C:\WINDOWS\System32\bcryptPrimitives.dll
[0513/162948.337:ERROR:process_memory_win.cc(73)] ReadMemory at 0x7ff849030000 of 64 bytes failed: Only part of a ReadProcessMemory or WriteProcessMemory request was completed. (0x12B)
[0513/162948.337:WARNING:pe_image_reader.cc(340)] could not read dos header from C:\WINDOWS\System32\ADVAPI32.dll
[0513/162948.337:ERROR:process_memory_win.cc(73)] ReadMemory at 0x7ff84a050000 of 64 bytes failed: Only part of a ReadProcessMemory or WriteProcessMemory request was completed. (0x12B)
[0513/162948.337:WARNING:pe_image_reader.cc(340)] could not read dos header from C:\WINDOWS\System32\sechost.dll
[0513/162948.337:ERROR:process_memory_win.cc(73)] ReadMemory at 0x7ff84a160000 of 64 bytes failed: Only part of a ReadProcessMemory or WriteProcessMemory request was completed. (0x12B)
[0513/162948.337:WARNING:pe_image_reader.cc(340)] could not read dos header from C:\WINDOWS\System32\RPCRT4.dll
[0513/162948.337:ERROR:process_memory_win.cc(73)] ReadMemory at 0x7ffff8350000 of 64 bytes failed: Only part of a ReadProcessMemory or WriteProcessMemory request was completed. (0x12B)
[0513/162948.337:WARNING:pe_image_reader.cc(340)] could not read dos header from C:\Program Files (x86)\Google\Chrome\Application\81.0.4044.138\chrome.dll
[0513/162948.337:ERROR:process_memory_win.cc(73)] ReadMemory at 0x7ff849420000 of 64 bytes failed: Only part of a ReadProcessMemory or WriteProcessMemory request was completed. (0x12B)
[0513/162948.337:WARNING:pe_image_reader.cc(340)] could not read dos header from C:\WINDOWS\System32\WS2_32.dll
[0513/162948.337:ERROR:process_memory_win.cc(73)] ReadMemory at 0x7ff8497e0000 of 64 bytes failed: Only part of a ReadProcessMemory or WriteProcessMemory request was completed. (0x12B)
[0513/162948.337:WARNING:pe_image_reader.cc(340)] could not read dos header from C:\WINDOWS\System32\OLEAUT32.dll
[0513/162948.337:ERROR:process_memory_win.cc(73)] ReadMemory at 0x7ff847db0000 of 64 bytes failed: Only part of a ReadProcessMemory or WriteProcessMemory request was completed. (0x12B)
[0513/162948.338:WARNING:pe_image_reader.cc(340)] could not read dos header from C:\WINDOWS\System32\msvcp_win.dll
[0513/162948.338:ERROR:process_memory_win.cc(73)] ReadMemory at 0x7ff847cb0000 of 64 bytes failed: Only part of a ReadProcessMemory or WriteProcessMemory request was completed. (0x12B)
[0513/162948.338:WARNING:pe_image_reader.cc(340)] could not read dos header from C:\WINDOWS\System32\ucrtbase.dll
[0513/162948.338:ERROR:process_memory_win.cc(73)] ReadMemory at 0x7ff8490e0000 of 64 bytes failed: Only part of a ReadProcessMemory or WriteProcessMemory request was completed. (0x12B)
[0513/162948.338:WARNING:pe_image_reader.cc(340)] could not read dos header from C:\WINDOWS\System32\combase.dll
[0513/162948.338:ERROR:process_memory_win.cc(73)] ReadMemory at 0x7ff848330000 of 64 bytes failed: Only part of a ReadProcessMemory or WriteProcessMemory request was completed. (0x12B)
[0513/162948.338:WARNING:pe_image_reader.cc(340)] could not read dos header from C:\WINDOWS\System32\WINTRUST.dll
[0513/162948.338:ERROR:process_memory_win.cc(73)] ReadMemory at 0x7ff8472f0000 of 64 bytes failed: Only part of a ReadProcessMemory or WriteProcessMemory request was completed. (0x12B)
[0513/162948.338:WARNING:pe_image_reader.cc(340)] could not read dos header from C:\WINDOWS\System32\MSASN1.dll
[0513/162948.338:ERROR:process_memory_win.cc(73)] ReadMemory at 0x7ff848130000 of 64 bytes failed: Only part of a ReadProcessMemory or WriteProcessMemory request was completed. (0x12B)
[0513/162948.338:WARNING:pe_image_reader.cc(340)] could not read dos header from C:\WINDOWS\System32\CRYPT32.dll
[0513/162948.338:ERROR:process_memory_win.cc(73)] ReadMemory at 0x7ff846760000 of 64 bytes failed: Only part of a ReadProcessMemory or WriteProcessMemory request was completed. (0x12B)
[0513/162948.338:WARNING:pe_image_reader.cc(340)] could not read dos header from C:\WINDOWS\SYSTEM32\IPHLPAPI.DLL
[0513/162948.338:ERROR:process_memory_win.cc(73)] ReadMemory at 0x7ff844d50000 of 64 bytes failed: Only part of a ReadProcessMemory or WriteProcessMemory request was completed. (0x12B)
[0513/162948.338:WARNING:pe_image_reader.cc(340)] could not read dos header from C:\WINDOWS\SYSTEM32\WINMM.dll
[0513/162948.338:ERROR:process_memory_win.cc(73)] ReadMemory at 0x7ff8404c0000 of 64 bytes failed: Only part of a ReadProcessMemory or WriteProcessMemory request was completed. (0x12B)
[0513/162948.338:WARNING:pe_image_reader.cc(340)] could not read dos header from C:\WINDOWS\SYSTEM32\Secur32.dll
[0513/162948.338:ERROR:process_memory_win.cc(73)] ReadMemory at 0x7ff847160000 of 64 bytes failed: Only part of a ReadProcessMemory or WriteProcessMemory request was completed. (0x12B)
[0513/162948.338:WARNING:pe_image_reader.cc(340)] could not read dos header from C:\WINDOWS\SYSTEM32\USERENV.dll
[0513/162948.338:ERROR:process_memory_win.cc(73)] ReadMemory at 0x7ff8472c0000 of 64 bytes failed: Only part of a ReadProcessMemory or WriteProcessMemory request was completed. (0x12B)
[0513/162948.338:WARNING:pe_image_reader.cc(340)] could not read dos header from C:\WINDOWS\System32\profapi.dll
[0513/162948.338:ERROR:process_memory_win.cc(73)] ReadMemory at 0x7ff821210000 of 64 bytes failed: Only part of a ReadProcessMemory or WriteProcessMemory request was completed. (0x12B)
[0513/162948.338:WARNING:pe_image_reader.cc(340)] could not read dos header from C:\WINDOWS\SYSTEM32\UIAutomationCore.DLL
[0513/162948.338:ERROR:process_memory_win.cc(73)] ReadMemory at 0x7ff82bee0000 of 64 bytes failed: Only part of a ReadProcessMemory or WriteProcessMemory request was completed. (0x12B)
[0513/162948.338:WARNING:pe_image_reader.cc(340)] could not read dos header from C:\WINDOWS\SYSTEM32\DWrite.dll
[0513/162948.339:ERROR:process_memory_win.cc(73)] ReadMemory at 0x7ff82c940000 of 64 bytes failed: Only part of a ReadProcessMemory or WriteProcessMemory request was completed. (0x12B)
[0513/162948.339:WARNING:pe_image_reader.cc(340)] could not read dos header from C:\WINDOWS\SYSTEM32\WINSPOOL.DRV
[0513/162948.339:ERROR:process_memory_win.cc(73)] ReadMemory at 0x7ff847250000 of 64 bytes failed: Only part of a ReadProcessMemory or WriteProcessMemory request was completed. (0x12B)
[0513/162948.339:WARNING:pe_image_reader.cc(340)] could not read dos header from C:\WINDOWS\System32\kernel.appcore.dll
[0513/162948.339:ERROR:process_memory_win.cc(73)] ReadMemory at 0x7ff848390000 of 64 bytes failed: Only part of a ReadProcessMemory or WriteProcessMemory request was completed. (0x12B)
[0513/162948.339:WARNING:pe_image_reader.cc(340)] could not read dos header from C:\WINDOWS\System32\bcrypt.dll
[0513/162948.339:ERROR:process_memory_win.cc(73)] ReadMemory at 0x7ff845b10000 of 64 bytes failed: Only part of a ReadProcessMemory or WriteProcessMemory request was completed. (0x12B)
[0513/162948.339:WARNING:pe_image_reader.cc(340)] could not read dos header from C:\WINDOWS\SYSTEM32\dbghelp.dll
[0513/162948.339:ERROR:process_memory_win.cc(73)] ReadMemory at 0x7ff842490000 of 64 bytes failed: Only part of a ReadProcessMemory or WriteProcessMemory request was completed. (0x12B)
[0513/162948.339:WARNING:pe_image_reader.cc(340)] could not read dos header from C:\WINDOWS\SYSTEM32\WINHTTP.dll
[0513/162948.339:ERROR:process_memory_win.cc(73)] ReadMemory at 0x7ff83e7d0000 of 64 bytes failed: Only part of a ReadProcessMemory or WriteProcessMemory request was completed. (0x12B)
[0513/162948.339:WARNING:pe_image_reader.cc(340)] could not read dos header from C:\WINDOWS\SYSTEM32\dhcpcsvc.DLL
[0513/162948.339:ERROR:process_memory_win.cc(73)] ReadMemory at 0x7ff84a150000 of 64 bytes failed: Only part of a ReadProcessMemory or WriteProcessMemory request was completed. (0x12B)
[0513/162948.339:WARNING:pe_image_reader.cc(340)] could not read dos header from C:\WINDOWS\System32\NSI.dll
[0513/162948.339:ERROR:process_memory_win.cc(73)] ReadMemory at 0x7ff844c20000 of 64 bytes failed: Only part of a ReadProcessMemory or WriteProcessMemory request was completed. (0x12B)
[0513/162948.340:WARNING:pe_image_reader.cc(340)] could not read dos header from C:\WINDOWS\SYSTEM32\WINMMBASE.dll
[0513/162948.340:ERROR:process_memory_win.cc(73)] ReadMemory at 0x7ff8483c0000 of 64 bytes failed: Only part of a ReadProcessMemory or WriteProcessMemory request was completed. (0x12B)
[0513/162948.340:WARNING:pe_image_reader.cc(340)] could not read dos header from C:\WINDOWS\System32\cfgmgr32.dll
[0513/162948.340:ERROR:process_memory_win.cc(73)] ReadMemory at 0x7ff843c20000 of 64 bytes failed: Only part of a ReadProcessMemory or WriteProcessMemory request was completed. (0x12B)
[0513/162948.340:WARNING:pe_image_reader.cc(340)] could not read dos header from C:\WINDOWS\SYSTEM32\PROPSYS.dll
[0513/162948.340:ERROR:process_memory_win.cc(73)] ReadMemory at 0x7ff848710000 of 64 bytes failed: Only part of a ReadProcessMemory or WriteProcessMemory request was completed. (0x12B)
[0513/162948.340:WARNING:pe_image_reader.cc(340)] could not read dos header from C:\WINDOWS\System32\shcore.dll
[0513/162948.340:ERROR:process_memory_win.cc(73)] ReadMemory at 0x7ff847130000 of 64 bytes failed: Only part of a ReadProcessMemory or WriteProcessMemory request was completed. (0x12B)
[0513/162948.340:WARNING:pe_image_reader.cc(340)] could not read dos header from C:\WINDOWS\SYSTEM32\SSPICLI.DLL
[0513/162948.340:ERROR:process_memory_win.cc(73)] ReadMemory at 0x7ff846c20000 of 64 bytes failed: Only part of a ReadProcessMemory or WriteProcessMemory request was completed. (0x12B)
[0513/162948.340:WARNING:pe_image_reader.cc(340)] could not read dos header from C:\WINDOWS\SYSTEM32\CRYPTBASE.DLL
[0513/162948.380:ERROR:process_memory_win.cc(73)] ReadMemory at 0xa457fec000 of 81920 bytes failed: Only part of a ReadProcessMemory or WriteProcessMemory request was completed. (0x12B)
[0513/162948.380:ERROR:process_memory_win.cc(73)] ReadMemory at 0xa4587fd000 of 12288 bytes failed: Only part of a ReadProcessMemory or WriteProcessMemory request was completed. (0x12B)
[0513/162948.380:ERROR:process_memory_win.cc(73)] ReadMemory at 0xa4597fc000 of 16384 bytes failed: Only part of a ReadProcessMemory or WriteProcessMemory request was completed. (0x12B)
[0513/162948.380:ERROR:process_memory_win.cc(73)] ReadMemory at 0xa459ffc000 of 16384 bytes failed: Only part of a ReadProcessMemory or WriteProcessMemory request was completed. (0x12B)
[0513/162948.381:ERROR:process_memory_win.cc(73)] ReadMemory at 0xa45a7fe000 of 8192 bytes failed: Only part of a ReadProcessMemory or WriteProcessMemory request was completed. (0x12B)
[0513/162948.381:ERROR:process_memory_win.cc(73)] ReadMemory at 0xa45affd000 of 12288 bytes failed: Only part of a ReadProcessMemory or WriteProcessMemory request was completed. (0x12B)
[0513/162948.381:ERROR:process_memory_win.cc(73)] ReadMemory at 0xa45b7fb000 of 20480 bytes failed: Only part of a ReadProcessMemory or WriteProcessMemory request was completed. (0x12B)
[0513/162948.381:ERROR:process_memory_win.cc(73)] ReadMemory at 0xa45c7fd000 of 12288 bytes failed: Only part of a ReadProcessMemory or WriteProcessMemory request was completed. (0x12B)
[0513/162948.382:ERROR:process_memory_win.cc(73)] ReadMemory at 0xa45cff5000 of 45056 bytes failed: Only part of a ReadProcessMemory or WriteProcessMemory request was completed. (0x12B)
[0513/162948.382:ERROR:process_memory_win.cc(73)] ReadMemory at 0xa45d7f6000 of 40960 bytes failed: Only part of a ReadProcessMemory or WriteProcessMemory request was completed. (0x12B)
[0513/162948.382:ERROR:process_memory_win.cc(73)] ReadMemory at 0xa45dffd000 of 12288 bytes failed: Only part of a ReadProcessMemory or WriteProcessMemory request was completed. (0x12B)
[0513/162948.382:ERROR:process_memory_win.cc(73)] ReadMemory at 0xa45effc000 of 16384 bytes failed: Only part of a ReadProcessMemory or WriteProcessMemory request was completed. (0x12B)
[0513/162948.382:ERROR:process_memory_win.cc(73)] ReadMemory at 0xa458ffd000 of 12288 bytes failed: Only part of a ReadProcessMemory or WriteProcessMemory request was completed. (0x12B)
[0513/162948.382:ERROR:process_memory_win.cc(73)] ReadMemory at 0xa45bffc000 of 16384 bytes failed: Only part of a ReadProcessMemory or WriteProcessMemory request was completed. (0x12B)
[0513/162948.383:ERROR:process_memory_win.cc(73)] ReadMemory at 0xa457602000 of 6024 bytes failed: Only part of a ReadProcessMemory or WriteProcessMemory request was completed. (0x12B)
[0513/162948.383:ERROR:process_memory_win.cc(73)] ReadMemory at 0xa457604000 of 6024 bytes failed: Only part of a ReadProcessMemory or WriteProcessMemory request was completed. (0x12B)
[0513/162948.383:ERROR:process_memory_win.cc(73)] ReadMemory at 0xa457606000 of 6024 bytes failed: Only part of a ReadProcessMemory or WriteProcessMemory request was completed. (0x12B)
[0513/162948.383:ERROR:process_memory_win.cc(73)] ReadMemory at 0xa457608000 of 6024 bytes failed: Only part of a ReadProcessMemory or WriteProcessMemory request was completed. (0x12B)
[0513/162948.383:ERROR:process_memory_win.cc(73)] ReadMemory at 0xa45760c000 of 6024 bytes failed: Only part of a ReadProcessMemory or WriteProcessMemory request was completed. (0x12B)
[0513/162948.383:ERROR:process_memory_win.cc(73)] ReadMemory at 0xa45760e000 of 6024 bytes failed: Only part of a ReadProcessMemory or WriteProcessMemory request was completed. (0x12B)
[0513/162948.383:ERROR:process_memory_win.cc(73)] ReadMemory at 0xa457610000 of 6024 bytes failed: Only part of a ReadProcessMemory or WriteProcessMemory request was completed. (0x12B)
[0513/162948.384:ERROR:process_memory_win.cc(73)] ReadMemory at 0xa4577ee000 of 852 bytes failed: Only part of a ReadProcessMemory or WriteProcessMemory request was completed. (0x12B)
[0513/162948.384:ERROR:process_memory_win.cc(73)] ReadMemory at 0xa4577ef000 of 6024 bytes failed: Only part of a ReadProcessMemory or WriteProcessMemory request was completed. (0x12B)
[0513/162948.384:ERROR:process_memory_win.cc(73)] ReadMemory at 0xa4577f1000 of 6024 bytes failed: Only part of a ReadProcessMemory or WriteProcessMemory request was completed. (0x12B)
[0513/162948.384:ERROR:process_memory_win.cc(73)] ReadMemory at 0xa4577f5000 of 6024 bytes failed: Only part of a ReadProcessMemory or WriteProcessMemory request was completed. (0x12B)
[0513/162948.384:ERROR:process_memory_win.cc(73)] ReadMemory at 0xa4577f7000 of 6024 bytes failed: Only part of a ReadProcessMemory or WriteProcessMemory request was completed. (0x12B)
[0513/162948.384:ERROR:process_memory_win.cc(73)] ReadMemory at 0xa4577f9000 of 6024 bytes failed: Only part of a ReadProcessMemory or WriteProcessMemory request was completed. (0x12B)
[0513/162948.384:ERROR:process_memory_win.cc(73)] ReadMemory at 0xa4577fb000 of 6024 bytes failed: Only part of a ReadProcessMemory or WriteProcessMemory request was completed. (0x12B)
[0513/162948.384:ERROR:process_memory_win.cc(73)] ReadMemory at 0xa4577fd000 of 6024 bytes failed: Only part of a ReadProcessMemory or WriteProcessMemory request was completed. (0x12B)
[0513/162948.384:ERROR:process_memory_win.cc(73)] ReadMemory at 0x2858ab70750 of 80 bytes failed: Only part of a ReadProcessMemory or WriteProcessMemory request was completed. (0x12B)
[0513/162948.385:ERROR:process_memory_win.cc(73)] ReadMemory at 0x2858ab70fe0 of 5500 bytes failed: Only part of a ReadProcessMemory or WriteProcessMemory request was completed. (0x12B)
[0513/162948.385:ERROR:process_memory_win.cc(73)] ReadMemory at 0x2858ab72570 of 1012 bytes failed: Only part of a ReadProcessMemory or WriteProcessMemory request was completed. (0x12B)
[0513/162948.385:ERROR:process_memory_win.cc(73)] ReadMemory at 0x2858ab72bb8 of 118 bytes failed: Only part of a ReadProcessMemory or WriteProcessMemory request was completed. (0x12B)
[0513/162948.385:ERROR:process_memory_win.cc(73)] ReadMemory at 0x2858ab72c30 of 760 bytes failed: Only part of a ReadProcessMemory or WriteProcessMemory request was completed. (0x12B)
[0513/162948.385:ERROR:process_memory_win.cc(73)] ReadMemory at 0x2858ab72f2a of 118 bytes failed: Only part of a ReadProcessMemory or WriteProcessMemory request was completed. (0x12B)
[0513/162948.385:ERROR:process_memory_win.cc(73)] ReadMemory at 0x2858ab72fa2 of 102 bytes failed: Only part of a ReadProcessMemory or WriteProcessMemory request was completed. (0x12B)
[0513/162948.385:ERROR:process_memory_win.cc(73)] ReadMemory at 0x2858ab73020 of 58 bytes failed: Only part of a ReadProcessMemory or WriteProcessMemory request was completed. (0x12B)
[0513/162948.385:ERROR:process_memory_win.cc(73)] ReadMemory at 0x2858ab73120 of 132 bytes failed: Only part of a ReadProcessMemory or WriteProcessMemory request was completed. (0x12B)
[0513/162948.385:ERROR:process_memory_win.cc(73)] ReadMemory at 0x2858ab732b0 of 132 bytes failed: Only part of a ReadProcessMemory or WriteProcessMemory request was completed. (0x12B)
[0513/162948.385:ERROR:process_memory_win.cc(73)] ReadMemory at 0x2858ab73470 of 126 bytes failed: Only part of a ReadProcessMemory or WriteProcessMemory request was completed. (0x12B)
[0513/162948.385:ERROR:process_memory_win.cc(73)] ReadMemory at 0x2858ab73850 of 132 bytes failed: Only part of a ReadProcessMemory or WriteProcessMemory request was completed. (0x12B)
[0513/162948.385:ERROR:process_memory_win.cc(73)] ReadMemory at 0x2858ab739e0 of 64 bytes failed: Only part of a ReadProcessMemory or WriteProcessMemory request was completed. (0x12B)
[0513/162948.386:ERROR:process_memory_win.cc(73)] ReadMemory at 0x2858ab73ba0 of 132 bytes failed: Only part of a ReadProcessMemory or WriteProcessMemory request was completed. (0x12B)
[0513/162948.386:ERROR:process_memory_win.cc(73)] ReadMemory at 0x2858ab73e40 of 132 bytes failed: Only part of a ReadProcessMemory or WriteProcessMemory request was completed. (0x12B)
[0513/162948.386:ERROR:process_memory_win.cc(73)] ReadMemory at 0x2858ab73fd0 of 68 bytes failed: Only part of a ReadProcessMemory or WriteProcessMemory request was completed. (0x12B)
[0513/162948.386:ERROR:process_memory_win.cc(73)] ReadMemory at 0x2858ab750b0 of 132 bytes failed: Only part of a ReadProcessMemory or WriteProcessMemory request was completed. (0x12B)
[0513/162948.386:ERROR:process_memory_win.cc(73)] ReadMemory at 0x2858ab75240 of 154 bytes failed: Only part of a ReadProcessMemory or WriteProcessMemory request was completed. (0x12B)
[0513/162948.386:ERROR:process_memory_win.cc(73)] ReadMemory at 0x2858ab76040 of 62 bytes failed: Only part of a ReadProcessMemory or WriteProcessMemory request was completed. (0x12B)
[0513/162948.386:ERROR:process_memory_win.cc(73)] ReadMemory at 0x2858ab760c0 of 146 bytes failed: Only part of a ReadProcessMemory or WriteProcessMemory request was completed. (0x12B)
[0513/162948.386:ERROR:process_memory_win.cc(73)] ReadMemory at 0x2858ab761a0 of 132 bytes failed: Only part of a ReadProcessMemory or WriteProcessMemory request was completed. (0x12B)
[0513/162948.386:ERROR:process_memory_win.cc(73)] ReadMemory at 0x2858ab76330 of 60 bytes failed: Only part of a ReadProcessMemory or WriteProcessMemory request was completed. (0x12B)
[0513/162948.386:ERROR:process_memory_win.cc(73)] ReadMemory at 0x2858ab766f0 of 132 bytes failed: Only part of a ReadProcessMemory or WriteProcessMemory request was completed. (0x12B)
[0513/162948.386:ERROR:process_memory_win.cc(73)] ReadMemory at 0x2858ab77e50 of 132 bytes failed: Only part of a ReadProcessMemory or WriteProcessMemory request was completed. (0x12B)
[0513/162948.387:ERROR:process_memory_win.cc(73)] ReadMemory at 0x2858ab781a0 of 132 bytes failed: Only part of a ReadProcessMemory or WriteProcessMemory request was completed. (0x12B)
[0513/162948.387:ERROR:process_memory_win.cc(73)] ReadMemory at 0x2858ab783c0 of 132 bytes failed: Only part of a ReadProcessMemory or WriteProcessMemory request was completed. (0x12B)
[0513/162948.387:ERROR:process_memory_win.cc(73)] ReadMemory at 0x2858ab785e0 of 132 bytes failed: Only part of a ReadProcessMemory or WriteProcessMemory request was completed. (0x12B)
[0513/162948.387:ERROR:process_memory_win.cc(73)] ReadMemory at 0x2858ab78940 of 132 bytes failed: Only part of a ReadProcessMemory or WriteProcessMemory request was completed. (0x12B)
[0513/162948.387:ERROR:process_memory_win.cc(73)] ReadMemory at 0x2858ab78a80 of 132 bytes failed: Only part of a ReadProcessMemory or WriteProcessMemory request was completed. (0x12B)
[0513/162948.387:ERROR:process_memory_win.cc(73)] ReadMemory at 0x2858ab7bbb0 of 60 bytes failed: Only part of a ReadProcessMemory or WriteProcessMemory request was completed. (0x12B)
[0513/162948.387:ERROR:process_memory_win.cc(73)] ReadMemory at 0x2858ab7bc00 of 64 bytes failed: Only part of a ReadProcessMemory or WriteProcessMemory request was completed. (0x12B)
[0513/162948.387:ERROR:process_memory_win.cc(73)] ReadMemory at 0x2858ab7bc50 of 60 bytes failed: Only part of a ReadProcessMemory or WriteProcessMemory request was completed. (0x12B)
[0513/162948.387:ERROR:process_memory_win.cc(73)] ReadMemory at 0x2858ab7bca0 of 64 bytes failed: Only part of a ReadProcessMemory or WriteProcessMemory request was completed. (0x12B)
[0513/162948.387:ERROR:process_memory_win.cc(73)] ReadMemory at 0x2858ab7bcf0 of 62 bytes failed: Only part of a ReadProcessMemory or WriteProcessMemory request was completed. (0x12B)
[0513/162948.387:ERROR:process_memory_win.cc(73)] ReadMemory at 0x2858ab7bde0 of 66 bytes failed: Only part of a ReadProcessMemory or WriteProcessMemory request was completed. (0x12B)
[0513/162948.387:ERROR:process_memory_win.cc(73)] ReadMemory at 0x2858ab7bf70 of 64 bytes failed: Only part of a ReadProcessMemory or WriteProcessMemory request was completed. (0x12B)
[0513/162948.388:ERROR:process_memory_win.cc(73)] ReadMemory at 0x2858ab7bfc0 of 62 bytes failed: Only part of a ReadProcessMemory or WriteProcessMemory request was completed. (0x12B)
[0513/162948.388:ERROR:process_memory_win.cc(73)] ReadMemory at 0x2858ab7c010 of 64 bytes failed: Only part of a ReadProcessMemory or WriteProcessMemory request was completed. (0x12B)
[0513/162948.388:ERROR:process_memory_win.cc(73)] ReadMemory at 0x2858ab7c190 of 132 bytes failed: Only part of a ReadProcessMemory or WriteProcessMemory request was completed. (0x12B)
[0513/162948.388:ERROR:process_memory_win.cc(73)] ReadMemory at 0x2858ab7c2c0 of 132 bytes failed: Only part of a ReadProcessMemory or WriteProcessMemory request was completed. (0x12B)
[0513/162948.388:ERROR:process_memory_win.cc(73)] ReadMemory at 0x2858ab7c520 of 132 bytes failed: Only part of a ReadProcessMemory or WriteProcessMemory request was completed. (0x12B)
[0513/162948.388:ERROR:process_memory_win.cc(73)] ReadMemory at 0x2858ab7c650 of 132 bytes failed: Only part of a ReadProcessMemory or WriteProcessMemory request was completed. (0x12B)
[0513/162948.388:ERROR:process_memory_win.cc(73)] ReadMemory at 0x2858ab7c780 of 132 bytes failed: Only part of a ReadProcessMemory or WriteProcessMemory request was completed. (0x12B)
[0513/162948.388:ERROR:process_memory_win.cc(73)] ReadMemory at 0x2858ab7c8b0 of 132 bytes failed: Only part of a ReadProcessMemory or WriteProcessMemory request was completed. (0x12B)
[0513/162948.388:ERROR:process_memory_win.cc(73)] ReadMemory at 0x2858ab7c9e0 of 132 bytes failed: Only part of a ReadProcessMemory or WriteProcessMemory request was completed. (0x12B)
[0513/162948.388:ERROR:process_memory_win.cc(73)] ReadMemory at 0x2858ab7cb10 of 132 bytes failed: Only part of a ReadProcessMemory or WriteProcessMemory request was completed. (0x12B)
[0513/162948.388:ERROR:process_memory_win.cc(73)] ReadMemory at 0x2858ab7cc40 of 132 bytes failed: Only part of a ReadProcessMemory or WriteProcessMemory request was completed. (0x12B)
[0513/162948.388:ERROR:process_memory_win.cc(73)] ReadMemory at 0x2858ab7cd70 of 132 bytes failed: Only part of a ReadProcessMemory or WriteProcessMemory request was completed. (0x12B)
[0513/162948.389:ERROR:process_memory_win.cc(73)] ReadMemory at 0x2858ab7cea0 of 132 bytes failed: Only part of a ReadProcessMemory or WriteProcessMemory request was completed. (0x12B)
[0513/162948.389:ERROR:process_memory_win.cc(73)] ReadMemory at 0x2858ab7cfd0 of 132 bytes failed: Only part of a ReadProcessMemory or WriteProcessMemory request was completed. (0x12B)
[0513/162948.389:ERROR:process_memory_win.cc(73)] ReadMemory at 0x2858ab7e8b0 of 54 bytes failed: Only part of a ReadProcessMemory or WriteProcessMemory request was completed. (0x12B)
[0513/162948.389:ERROR:process_memory_win.cc(73)] ReadMemory at 0x2858ab7fb30 of 132 bytes failed: Only part of a ReadProcessMemory or WriteProcessMemory request was completed. (0x12B)
[0513/162948.389:ERROR:process_memory_win.cc(73)] ReadMemory at 0x2858ab82870 of 132 bytes failed: Only part of a ReadProcessMemory or WriteProcessMemory request was completed. (0x12B)
[0513/162948.389:ERROR:process_memory_win.cc(73)] ReadMemory at 0x2858ab84ed0 of 132 bytes failed: Only part of a ReadProcessMemory or WriteProcessMemory request was completed. (0x12B)
[0513/162948.389:ERROR:process_memory_win.cc(73)] ReadMemory at 0x2858ab85920 of 76 bytes failed: Only part of a ReadProcessMemory or WriteProcessMemory request was completed. (0x12B)
[0513/162948.389:ERROR:process_memory_win.cc(73)] ReadMemory at 0x2858ab85e00 of 80 bytes failed: Only part of a ReadProcessMemory or WriteProcessMemory request was completed. (0x12B)
[0513/162948.389:ERROR:process_memory_win.cc(73)] ReadMemory at 0x2858ab863a0 of 60 bytes failed: Only part of a ReadProcessMemory or WriteProcessMemory request was completed. (0x12B)
[0513/162948.389:ERROR:process_memory_win.cc(73)] ReadMemory at 0x2858ab86490 of 60 bytes failed: Only part of a ReadProcessMemory or WriteProcessMemory request was completed. (0x12B)
[0513/162948.390:ERROR:process_memory_win.cc(73)] ReadMemory at 0x2858ab86530 of 58 bytes failed: Only part of a ReadProcessMemory or WriteProcessMemory request was completed. (0x12B)
[0513/162948.390:ERROR:process_memory_win.cc(73)] ReadMemory at 0x2858ab86710 of 60 bytes failed: Only part of a ReadProcessMemory or WriteProcessMemory request was completed. (0x12B)
[0513/162948.390:ERROR:process_memory_win.cc(73)] ReadMemory at 0x2858ab868a0 of 62 bytes failed: Only part of a ReadProcessMemory or WriteProcessMemory request was completed. (0x12B)
[0513/162948.390:ERROR:process_memory_win.cc(73)] ReadMemory at 0x2858ab86990 of 64 bytes failed: Only part of a ReadProcessMemory or WriteProcessMemory request was completed. (0x12B)
[0513/162948.390:ERROR:process_memory_win.cc(73)] ReadMemory at 0x2858ab869e0 of 64 bytes failed: Only part of a ReadProcessMemory or WriteProcessMemory request was completed. (0x12B)
[0513/162948.390:ERROR:process_memory_win.cc(73)] ReadMemory at 0x2858ab86a30 of 62 bytes failed: Only part of a ReadProcessMemory or WriteProcessMemory request was completed. (0x12B)
[0513/162948.390:ERROR:process_memory_win.cc(73)] ReadMemory at 0x2858ab86b20 of 62 bytes failed: Only part of a ReadProcessMemory or WriteProcessMemory request was completed. (0x12B)
[0513/162948.390:ERROR:process_memory_win.cc(73)] ReadMemory at 0x2858ab86b70 of 62 bytes failed: Only part of a ReadProcessMemory or WriteProcessMemory request was completed. (0x12B)
[0513/162948.390:ERROR:process_memory_win.cc(73)] ReadMemory at 0x2858ab86bc0 of 62 bytes failed: Only part of a ReadProcessMemory or WriteProcessMemory request was completed. (0x12B)
[0513/162948.390:ERROR:process_memory_win.cc(73)] ReadMemory at 0x2858ab86c10 of 62 bytes failed: Only part of a ReadProcessMemory or WriteProcessMemory request was completed. (0x12B)
[0513/162948.391:ERROR:process_memory_win.cc(73)] ReadMemory at 0x2858ab86c60 of 64 bytes failed: Only part of a ReadProcessMemory or WriteProcessMemory request was completed. (0x12B)
[0513/162948.391:ERROR:process_memory_win.cc(73)] ReadMemory at 0x2858ab86df0 of 62 bytes failed: Only part of a ReadProcessMemory or WriteProcessMemory request was completed. (0x12B)
[0513/162948.391:ERROR:process_memory_win.cc(73)] ReadMemory at 0x2858ab86f30 of 60 bytes failed: Only part of a ReadProcessMemory or WriteProcessMemory request was completed. (0x12B)
[0513/162948.391:ERROR:process_memory_win.cc(73)] ReadMemory at 0x2858ab87070 of 66 bytes failed: Only part of a ReadProcessMemory or WriteProcessMemory request was completed. (0x12B)
[0513/162948.391:ERROR:process_memory_win.cc(73)] ReadMemory at 0x2858ab870c0 of 62 bytes failed: Only part of a ReadProcessMemory or WriteProcessMemory request was completed. (0x12B)
[0513/162948.391:ERROR:process_memory_win.cc(73)] ReadMemory at 0x2858ab87160 of 64 bytes failed: Only part of a ReadProcessMemory or WriteProcessMemory request was completed. (0x12B)
[0513/162948.391:ERROR:process_memory_win.cc(73)] ReadMemory at 0x2858ab87220 of 132 bytes failed: Only part of a ReadProcessMemory or WriteProcessMemory request was completed. (0x12B)
[0513/162948.391:ERROR:process_memory_win.cc(73)] ReadMemory at 0x2858ab87810 of 132 bytes failed: Only part of a ReadProcessMemory or WriteProcessMemory request was completed. (0x12B)
[0513/162948.391:ERROR:process_memory_win.cc(73)] ReadMemory at 0x2858ab87a70 of 132 bytes failed: Only part of a ReadProcessMemory or WriteProcessMemory request was completed. (0x12B)
[0513/162948.391:ERROR:process_memory_win.cc(73)] ReadMemory at 0x2858ab87ba0 of 132 bytes failed: Only part of a ReadProcessMemory or WriteProcessMemory request was completed. (0x12B)
[0513/162948.391:ERROR:process_memory_win.cc(73)] ReadMemory at 0x2858ab87cd0 of 132 bytes failed: Only part of a ReadProcessMemory or WriteProcessMemory request was completed. (0x12B)
[0513/162948.392:ERROR:process_memory_win.cc(73)] ReadMemory at 0x2858ab87e00 of 132 bytes failed: Only part of a ReadProcessMemory or WriteProcessMemory request was completed. (0x12B)
[0513/162948.392:ERROR:process_memory_win.cc(73)] ReadMemory at 0x2858ab87f30 of 132 bytes failed: Only part of a ReadProcessMemory or WriteProcessMemory request was completed. (0x12B)
[0513/162948.392:ERROR:process_memory_win.cc(73)] ReadMemory at 0x2858ab88060 of 132 bytes failed: Only part of a ReadProcessMemory or WriteProcessMemory request was completed. (0x12B)
[0513/162948.392:ERROR:process_memory_win.cc(73)] ReadMemory at 0x2858ab883f0 of 132 bytes failed: Only part of a ReadProcessMemory or WriteProcessMemory request was completed. (0x12B)
[0513/162948.392:ERROR:process_memory_win.cc(73)] ReadMemory at 0x2858ab88520 of 132 bytes failed: Only part of a ReadProcessMemory or WriteProcessMemory request was completed. (0x12B)
[0513/162948.392:ERROR:process_memory_win.cc(73)] ReadMemory at 0x2858ab8a620 of 512 bytes failed: Only part of a ReadProcessMemory or WriteProcessMemory request was completed. (0x12B)
[0513/162948.392:ERROR:process_memory_win.cc(73)] ReadMemory at 0x2858ab9e0e0 of 512 bytes failed: Only part of a ReadProcessMemory or WriteProcessMemory request was completed. (0x12B)
[0513/162948.392:ERROR:process_memory_win.cc(73)] ReadMemory at 0x2858b232530 of 512 bytes failed: Only part of a ReadProcessMemory or WriteProcessMemory request was completed. (0x12B)
[0513/162948.392:ERROR:process_memory_win.cc(73)] ReadMemory at 0x2858b233c70 of 512 bytes failed: Only part of a ReadProcessMemory or WriteProcessMemory request was completed. (0x12B)
[0513/162948.392:ERROR:process_memory_win.cc(73)] ReadMemory at 0x2858b2406c0 of 512 bytes failed: Only part of a ReadProcessMemory or WriteProcessMemory request was completed. (0x12B)
[0513/162948.393:ERROR:process_memory_win.cc(73)] ReadMemory at 0x2858b264980 of 712 bytes failed: Only part of a ReadProcessMemory or WriteProcessMemory request was completed. (0x12B)
[0513/162948.393:ERROR:process_memory_win.cc(73)] ReadMemory at 0x2858c8e0000 of 384 bytes failed: Only part of a ReadProcessMemory or WriteProcessMemory request was completed. (0x12B)
[0513/162948.393:ERROR:process_memory_win.cc(73)] ReadMemory at 0x2858c956ef0 of 512 bytes failed: Only part of a ReadProcessMemory or WriteProcessMemory request was completed. (0x12B)
[0513/162948.393:ERROR:process_memory_win.cc(73)] ReadMemory at 0x2858c989ca0 of 512 bytes failed: Only part of a ReadProcessMemory or WriteProcessMemory request was completed. (0x12B)
[0513/162948.393:ERROR:process_memory_win.cc(73)] ReadMemory at 0x2858cf48d10 of 512 bytes failed: Only part of a ReadProcessMemory or WriteProcessMemory request was completed. (0x12B)
[0513/162948.393:ERROR:process_memory_win.cc(73)] ReadMemory at 0x2858cf55090 of 512 bytes failed: Only part of a ReadProcessMemory or WriteProcessMemory request was completed. (0x12B)
[0513/162948.393:ERROR:process_memory_win.cc(73)] ReadMemory at 0x2858d021500 of 512 bytes failed: Only part of a ReadProcessMemory or WriteProcessMemory request was completed. (0x12B)
[0513/162948.393:ERROR:process_memory_win.cc(73)] ReadMemory at 0x2858d102c70 of 512 bytes failed: Only part of a ReadProcessMemory or WriteProcessMemory request was completed. (0x12B)
[0513/162948.393:ERROR:process_memory_win.cc(73)] ReadMemory at 0x2858d1bed30 of 512 bytes failed: Only part of a ReadProcessMemory or WriteProcessMemory request was completed. (0x12B)
[0513/162948.394:ERROR:process_memory_win.cc(73)] ReadMemory at 0x2858d57e248 of 512 bytes failed: Only part of a ReadProcessMemory or WriteProcessMemory request was completed. (0x12B)
[0513/162948.394:ERROR:process_memory_win.cc(73)] ReadMemory at 0x2858d580960 of 512 bytes failed: Only part of a ReadProcessMemory or WriteProcessMemory request was completed. (0x12B)
[0513/162948.394:ERROR:process_memory_win.cc(73)] ReadMemory at 0x2858d5f5ae0 of 520 bytes failed: Only part of a ReadProcessMemory or WriteProcessMemory request was completed. (0x12B)
[0513/162948.394:ERROR:process_memory_win.cc(73)] ReadMemory at 0x2a8e1ec0c680 of 512 bytes failed: Only part of a ReadProcessMemory or WriteProcessMemory request was completed. (0x12B)
[0513/162948.394:ERROR:process_memory_win.cc(73)] ReadMemory at 0x2a8e1eed8d80 of 512 bytes failed: Only part of a ReadProcessMemory or WriteProcessMemory request was completed. (0x12B)
[0513/162948.394:ERROR:process_memory_win.cc(73)] ReadMemory at 0x2a8e1f347380 of 512 bytes failed: Only part of a ReadProcessMemory or WriteProcessMemory request was completed. (0x12B)
[0513/162948.394:ERROR:process_memory_win.cc(73)] ReadMemory at 0x794308e24f34 of 512 bytes failed: Only part of a ReadProcessMemory or WriteProcessMemory request was completed. (0x12B)
[0513/162948.394:ERROR:process_memory_win.cc(73)] ReadMemory at 0x7ff847eba719 of 512 bytes failed: Only part of a ReadProcessMemory or WriteProcessMemory request was completed. (0x12B)
[0513/162948.394:ERROR:process_memory_win.cc(73)] ReadMemory at 0x7ff8480eb6e0 of 512 bytes failed: Only part of a ReadProcessMemory or WriteProcessMemory request was completed. (0x12B)
[0513/162948.395:ERROR:process_memory_win.cc(73)] ReadMemory at 0x7ff84a41c074 of 672 bytes failed: Only part of a ReadProcessMemory or WriteProcessMemory request was completed. (0x12B)
[0513/162948.395:ERROR:process_memory_win.cc(73)] ReadMemory at 0x7ff84a41c674 of 512 bytes failed: Only part of a ReadProcessMemory or WriteProcessMemory request was completed. (0x12B)
[0513/162948.395:ERROR:process_memory_win.cc(73)] ReadMemory at 0x7ff84a41f924 of 608 bytes failed: Only part of a ReadProcessMemory or WriteProcessMemory request was completed. (0x12B)
[0513/162948.395:ERROR:process_memory_win.cc(73)] ReadMemory at 0x7ff84a4ac428 of 18 bytes failed: Only part of a ReadProcessMemory or WriteProcessMemory request was completed. (0x12B)
[0513/162948.395:ERROR:process_memory_win.cc(73)] ReadMemory at 0x7ff84a4df4f8 of 40 bytes failed: Only part of a ReadProcessMemory or WriteProcessMemory request was completed. (0x12B)
[0513/162948.395:ERROR:process_memory_win.cc(73)] ReadMemory at 0x7ff84a4df978 of 48 bytes failed: Only part of a ReadProcessMemory or WriteProcessMemory request was completed. (0x12B)
[0513/162948.395:ERROR:process_memory_win.cc(73)] ReadMemory at 0x7ff84a4e53c0 of 64 bytes failed: Only part of a ReadProcessMemory or WriteProcessMemory request was completed. (0x12B)
[0513/162948.395:ERROR:process_memory_win.cc(73)] ReadMemory at 0x7ffffaa0971c of 512 bytes failed: Only part of a ReadProcessMemory or WriteProcessMemory request was completed. (0x12B)
[0513/162948.398:ERROR:scoped_process_suspend.cc(40)] NtResumeProcess: An attempt was made to access an exiting process. (0xc000010a)
